#
# There is insufficient memory for the Java Runtime Environment to continue.
# Native memory allocation (mmap) failed to map 90177536 bytes for G1 virtual space
# Possible reasons:
#   The system is out of physical RAM or swap space
#   The process is running with CompressedOops enabled, and the Java Heap may be blocking the growth of the native heap
# Possible solutions:
#   Reduce memory load on the system
#   Increase physical memory or swap space
#   Check if swap backing store is full
#   Decrease Java heap size (-Xmx/-Xms)
#   Decrease number of Java threads
#   Decrease Java thread stack sizes (-Xss)
#   Set larger code cache with -XX:ReservedCodeCacheSize=
#   JVM is running with Zero Based Compressed Oops mode in which the Java heap is
#     placed in the first 32GB address space. The Java Heap base address is the
#     maximum limit for the native heap growth. Please use -XX:HeapBaseMinAddress
#     to set the Java Heap base and to place the Java Heap above 32GB virtual address.
# This output file may be truncated or incomplete.
#
#  Out of Memory Error (os_windows.cpp:3769), pid=12956, tid=16164
#
# JRE version: OpenJDK Runtime Environment (17.0.6) (build 17.0.6+0-b2043.56-9586694)
# Java VM: OpenJDK 64-Bit Server VM (17.0.6+0-b2043.56-9586694, mixed mode, tiered, compressed oops, compressed class ptrs, g1 gc, windows-amd64)
# No core dump will be written. Minidumps are not enabled by default on client versions of Windows
#

---------------  S U M M A R Y ------------

Command Line: org.jetbrains.kotlin.cli.jvm.K2JVMCompiler @C:\Users\luutu\AndroidStudioProjects\FindWord\app\build\20230708_6123860671499791838.compiler.options

Host: Intel(R) Core(TM) i5-10210U CPU @ 1.60GHz, 8 cores, 15G,  Windows 11 , 64 bit Build 22621 (10.0.22621.1778)
Time: Sat Jul  8 22:55:11 2023 SE Asia Standard Time elapsed time: 9.026147 seconds (0d 0h 0m 9s)

---------------  T H R E A D  ---------------

Current thread (0x00000206ac841620):  VMThread "VM Thread" [stack: 0x000000dc03300000,0x000000dc03400000] [id=16164]

Stack: [0x000000dc03300000,0x000000dc03400000]
Native frames: (J=compiled Java code, j=interpreted, Vv=VM code, C=native code)
V  [jvm.dll+0x683b4a]
V  [jvm.dll+0x842654]
V  [jvm.dll+0x843dfe]
V  [jvm.dll+0x844463]
V  [jvm.dll+0x249b75]
V  [jvm.dll+0x680a19]
V  [jvm.dll+0x674f0a]
V  [jvm.dll+0x309acb]
V  [jvm.dll+0x310f86]
V  [jvm.dll+0x3608ee]
V  [jvm.dll+0x360b1f]
V  [jvm.dll+0x2dfbf8]
V  [jvm.dll+0x2ddec4]
V  [jvm.dll+0x2dd4cc]
V  [jvm.dll+0x321f3b]
V  [jvm.dll+0x84893b]
V  [jvm.dll+0x849674]
V  [jvm.dll+0x849b8d]
V  [jvm.dll+0x849f64]
V  [jvm.dll+0x84a030]
V  [jvm.dll+0x7f25fa]
V  [jvm.dll+0x682985]
C  [ucrtbase.dll+0x29363]
C  [KERNEL32.DLL+0x126ad]
C  [ntdll.dll+0x5a9f8]

VM_Operation (0x000000dc02dfc470): G1CollectForAllocation, mode: safepoint, requested by thread 0x000002068b23a610


---------------  P R O C E S S  ---------------

Threads class SMR info:
_java_thread_list=0x00000206b0e85cd0, length=14, elements={
0x000002068b23a610, 0x00000206ac864270, 0x00000206ac864e20, 0x00000206ac89d5c0,
0x00000206ac89e070, 0x00000206ac89ea20, 0x00000206ac89f3d0, 0x00000206ac897830,
0x00000206ac898830, 0x00000206ac8aca90, 0x00000206aca0f6b0, 0x00000206aca1b670,
0x00000206ae136630, 0x00000206b1b81d80
}

Java Threads: ( => current thread )
  0x000002068b23a610 JavaThread "main" [_thread_blocked, id=15164, stack(0x000000dc02d00000,0x000000dc02e00000)]
  0x00000206ac864270 JavaThread "Reference Handler" daemon [_thread_blocked, id=8872, stack(0x000000dc03400000,0x000000dc03500000)]
  0x00000206ac864e20 JavaThread "Finalizer" daemon [_thread_blocked, id=14204, stack(0x000000dc03500000,0x000000dc03600000)]
  0x00000206ac89d5c0 JavaThread "Signal Dispatcher" daemon [_thread_blocked, id=3960, stack(0x000000dc03600000,0x000000dc03700000)]
  0x00000206ac89e070 JavaThread "Attach Listener" daemon [_thread_blocked, id=13176, stack(0x000000dc03700000,0x000000dc03800000)]
  0x00000206ac89ea20 JavaThread "Service Thread" daemon [_thread_blocked, id=7640, stack(0x000000dc03800000,0x000000dc03900000)]
  0x00000206ac89f3d0 JavaThread "Monitor Deflation Thread" daemon [_thread_blocked, id=15940, stack(0x000000dc03900000,0x000000dc03a00000)]
  0x00000206ac897830 JavaThread "C2 CompilerThread0" daemon [_thread_blocked, id=16168, stack(0x000000dc03a00000,0x000000dc03b00000)]
  0x00000206ac898830 JavaThread "C1 CompilerThread0" daemon [_thread_blocked, id=8580, stack(0x000000dc03b00000,0x000000dc03c00000)]
  0x00000206ac8aca90 JavaThread "Sweeper thread" daemon [_thread_blocked, id=4388, stack(0x000000dc03c00000,0x000000dc03d00000)]
  0x00000206aca0f6b0 JavaThread "Notification Thread" daemon [_thread_blocked, id=7408, stack(0x000000dc03d00000,0x000000dc03e00000)]
  0x00000206aca1b670 JavaThread "Common-Cleaner" daemon [_thread_blocked, id=16300, stack(0x000000dc03f00000,0x000000dc04000000)]
  0x00000206ae136630 JavaThread "C2 CompilerThread1" daemon [_thread_blocked, id=3068, stack(0x000000dc04800000,0x000000dc04900000)]
  0x00000206b1b81d80 JavaThread "C2 CompilerThread2" daemon [_thread_blocked, id=15432, stack(0x000000dc04900000,0x000000dc04a00000)]

Other Threads:
=>0x00000206ac841620 VMThread "VM Thread" [stack: 0x000000dc03300000,0x000000dc03400000] [id=16164]
  0x000002068b4dd180 WatcherThread [stack: 0x000000dc03e00000,0x000000dc03f00000] [id=8184]
  0x000002068b4c4970 GCTaskThread "GC Thread#0" [stack: 0x000000dc02e00000,0x000000dc02f00000] [id=10008]
  0x00000206acee6c40 GCTaskThread "GC Thread#1" [stack: 0x000000dc04000000,0x000000dc04100000] [id=16060]
  0x00000206acee5030 GCTaskThread "GC Thread#2" [stack: 0x000000dc04100000,0x000000dc04200000] [id=3800]
  0x00000206acee52e0 GCTaskThread "GC Thread#3" [stack: 0x000000dc04200000,0x000000dc04300000] [id=2012]
  0x00000206acee59a0 GCTaskThread "GC Thread#4" [stack: 0x000000dc04300000,0x000000dc04400000] [id=8724]
  0x00000206ace9cb40 GCTaskThread "GC Thread#5" [stack: 0x000000dc04400000,0x000000dc04500000] [id=16160]
  0x00000206adf1aad0 GCTaskThread "GC Thread#6" [stack: 0x000000dc04500000,0x000000dc04600000] [id=7476]
  0x00000206adf18ff0 GCTaskThread "GC Thread#7" [stack: 0x000000dc04600000,0x000000dc04700000] [id=3320]
  0x000002068b4d57a0 ConcurrentGCThread "G1 Main Marker" [stack: 0x000000dc02f00000,0x000000dc03000000] [id=1168]
  0x000002068b4d6950 ConcurrentGCThread "G1 Conc#0" [stack: 0x000000dc03000000,0x000000dc03100000] [id=1660]
  0x00000206adf192a0 ConcurrentGCThread "G1 Conc#1" [stack: 0x000000dc04700000,0x000000dc04800000] [id=9252]
  0x00000206abbd44f0 ConcurrentGCThread "G1 Refine#0" [stack: 0x000000dc03100000,0x000000dc03200000] [id=5500]
  0x00000206ae3a2850 ConcurrentGCThread "G1 Refine#1" [stack: 0x000000dc04a00000,0x000000dc04b00000] [id=15676]
  0x00000206b15a5aa0 ConcurrentGCThread "G1 Refine#2" [stack: 0x000000dc04b00000,0x000000dc04c00000] [id=14576]
  0x00000206b15a6900 ConcurrentGCThread "G1 Refine#3" [stack: 0x000000dc04c00000,0x000000dc04d00000] [id=4680]
  0x00000206b15a40c0 ConcurrentGCThread "G1 Refine#4" [stack: 0x000000dc04d00000,0x000000dc04e00000] [id=7152]
  0x00000206b128f9c0 ConcurrentGCThread "G1 Refine#5" [stack: 0x000000dc04e00000,0x000000dc04f00000] [id=2700]
  0x000002068b51ce50 ConcurrentGCThread "G1 Service" [stack: 0x000000dc03200000,0x000000dc03300000] [id=15736]

Threads with active compile tasks:

VM state: at safepoint (normal execution)

VM Mutex/Monitor currently owned by a thread:  ([mutex/lock_event])
[0x000002068b459c70] Threads_lock - owner thread: 0x00000206ac841620
[0x000002068b459880] Heap_lock - owner thread: 0x000002068b23a610

Heap address: 0x0000000702600000, size: 4058 MB, Compressed Oops mode: Zero based, Oop shift amount: 3

CDS archive(s) not mapped
Compressed class space mapped at: 0x0000000800000000-0x0000000840000000, reserved size: 1073741824
Narrow klass base: 0x0000000800000000, Narrow klass shift: 0, Narrow klass range: 0x40000000

GC Precious Log:
 CPUs: 8 total, 8 available
 Memory: 16231M
 Large Page Support: Disabled
 NUMA Support: Disabled
 Compressed Oops: Enabled (Zero based)
 Heap Region Size: 2M
 Heap Min Capacity: 8M
 Heap Initial Capacity: 254M
 Heap Max Capacity: 4058M
 Pre-touch: Disabled
 Parallel Workers: 8
 Concurrent Workers: 2
 Concurrent Refinement Workers: 8
 Periodic GC: Disabled

Heap:
 garbage-first heap   total 260096K, used 62665K [0x0000000702600000, 0x0000000800000000)
  region size 2048K, 3 young (6144K), 3 survivors (6144K)
 Metaspace       used 75375K, committed 75648K, reserved 1122304K
  class space    used 8782K, committed 8896K, reserved 1048576K

Heap Regions: E=young(eden), S=young(survivor), O=old, HS=humongous(starts), HC=humongous(continues), CS=collection set, F=free, OA=open archive, CA=closed archive, TAMS=top-at-mark-start (previous, next)
|   0|0x0000000702600000, 0x0000000702800000, 0x0000000702800000|100%|HS|  |TAMS 0x0000000702800000, 0x0000000702800000| Complete 
|   1|0x0000000702800000, 0x0000000702a00000, 0x0000000702a00000|100%|HC|  |TAMS 0x0000000702a00000, 0x0000000702a00000| Complete 
|   2|0x0000000702a00000, 0x0000000702c00000, 0x0000000702c00000|100%|HS|  |TAMS 0x0000000702c00000, 0x0000000702c00000| Complete 
|   3|0x0000000702c00000, 0x0000000702e00000, 0x0000000702e00000|100%|HC|  |TAMS 0x0000000702e00000, 0x0000000702e00000| Complete 
|   4|0x0000000702e00000, 0x0000000703000000, 0x0000000703000000|100%| O|  |TAMS 0x0000000703000000, 0x0000000703000000| Untracked 
|   5|0x0000000703000000, 0x0000000703200000, 0x0000000703200000|100%| O|  |TAMS 0x0000000703200000, 0x0000000703200000| Untracked 
|   6|0x0000000703200000, 0x0000000703400000, 0x0000000703400000|100%|HS|  |TAMS 0x0000000703400000, 0x0000000703400000| Complete 
|   7|0x0000000703400000, 0x0000000703400000, 0x0000000703600000|  0%| F|  |TAMS 0x0000000703400000, 0x0000000703400000| Untracked 
|   8|0x0000000703600000, 0x0000000703800000, 0x0000000703800000|100%| O|  |TAMS 0x0000000703800000, 0x0000000703800000| Untracked 
|   9|0x0000000703800000, 0x0000000703a00000, 0x0000000703a00000|100%| O|  |TAMS 0x0000000703a00000, 0x0000000703a00000| Untracked 
|  10|0x0000000703a00000, 0x0000000703c00000, 0x0000000703c00000|100%| O|  |TAMS 0x0000000703c00000, 0x0000000703c00000| Untracked 
|  11|0x0000000703c00000, 0x0000000703e00000, 0x0000000703e00000|100%| O|  |TAMS 0x0000000703e00000, 0x0000000703e00000| Untracked 
|  12|0x0000000703e00000, 0x0000000704000000, 0x0000000704000000|100%| O|  |TAMS 0x0000000704000000, 0x0000000704000000| Untracked 
|  13|0x0000000704000000, 0x0000000704200000, 0x0000000704200000|100%| O|  |TAMS 0x0000000704200000, 0x0000000704200000| Untracked 
|  14|0x0000000704200000, 0x0000000704400000, 0x0000000704400000|100%| O|  |TAMS 0x0000000704400000, 0x0000000704400000| Untracked 
|  15|0x0000000704400000, 0x0000000704600000, 0x0000000704600000|100%| O|  |TAMS 0x0000000704566000, 0x0000000704600000| Untracked 
|  16|0x0000000704600000, 0x0000000704800000, 0x0000000704800000|100%| O|  |TAMS 0x0000000704600000, 0x0000000704800000| Untracked 
|  17|0x0000000704800000, 0x0000000704a00000, 0x0000000704a00000|100%| O|  |TAMS 0x0000000704800000, 0x0000000704a00000| Untracked 
|  18|0x0000000704a00000, 0x0000000704c00000, 0x0000000704c00000|100%| O|  |TAMS 0x0000000704a00000, 0x0000000704c00000| Untracked 
|  19|0x0000000704c00000, 0x0000000704e00000, 0x0000000704e00000|100%| O|  |TAMS 0x0000000704c00000, 0x0000000704e00000| Untracked 
|  20|0x0000000704e00000, 0x0000000705000000, 0x0000000705000000|100%| O|  |TAMS 0x0000000704e00000, 0x0000000705000000| Untracked 
|  21|0x0000000705000000, 0x0000000705200000, 0x0000000705200000|100%| O|  |TAMS 0x0000000705000000, 0x0000000705200000| Untracked 
|  22|0x0000000705200000, 0x0000000705400000, 0x0000000705400000|100%| O|  |TAMS 0x0000000705200000, 0x0000000705400000| Untracked 
|  23|0x0000000705400000, 0x0000000705600000, 0x0000000705600000|100%| O|  |TAMS 0x0000000705400000, 0x0000000705600000| Untracked 
|  24|0x0000000705600000, 0x0000000705800000, 0x0000000705800000|100%| O|  |TAMS 0x0000000705600000, 0x0000000705800000| Untracked 
|  25|0x0000000705800000, 0x0000000705a00000, 0x0000000705a00000|100%| O|  |TAMS 0x0000000705800000, 0x0000000705a00000| Untracked 
|  26|0x0000000705a00000, 0x0000000705c00000, 0x0000000705c00000|100%| O|  |TAMS 0x0000000705a00000, 0x0000000705c00000| Untracked 
|  27|0x0000000705c00000, 0x0000000705e00000, 0x0000000705e00000|100%| O|  |TAMS 0x0000000705c00000, 0x0000000705e00000| Untracked 
|  28|0x0000000705e00000, 0x0000000705f66000, 0x0000000706000000| 69%| O|  |TAMS 0x0000000705e00000, 0x0000000705f66000| Untracked 
|  29|0x0000000706000000, 0x0000000706000000, 0x0000000706200000|  0%| F|  |TAMS 0x0000000706000000, 0x0000000706000000| Untracked 
|  30|0x0000000706200000, 0x0000000706200000, 0x0000000706400000|  0%| F|  |TAMS 0x0000000706200000, 0x0000000706200000| Untracked 
|  31|0x0000000706400000, 0x0000000706400000, 0x0000000706600000|  0%| F|  |TAMS 0x0000000706400000, 0x0000000706400000| Untracked 
|  32|0x0000000706600000, 0x0000000706600000, 0x0000000706800000|  0%| F|  |TAMS 0x0000000706600000, 0x0000000706600000| Untracked 
|  33|0x0000000706800000, 0x0000000706800000, 0x0000000706a00000|  0%| F|  |TAMS 0x0000000706800000, 0x0000000706800000| Untracked 
|  34|0x0000000706a00000, 0x0000000706a00000, 0x0000000706c00000|  0%| F|  |TAMS 0x0000000706a00000, 0x0000000706a00000| Untracked 
|  35|0x0000000706c00000, 0x0000000706c00000, 0x0000000706e00000|  0%| F|  |TAMS 0x0000000706c00000, 0x0000000706c00000| Untracked 
|  36|0x0000000706e00000, 0x0000000706e00000, 0x0000000707000000|  0%| F|  |TAMS 0x0000000706e00000, 0x0000000706e00000| Untracked 
|  37|0x0000000707000000, 0x0000000707000000, 0x0000000707200000|  0%| F|  |TAMS 0x0000000707000000, 0x0000000707000000| Untracked 
|  38|0x0000000707200000, 0x0000000707200000, 0x0000000707400000|  0%| F|  |TAMS 0x0000000707200000, 0x0000000707200000| Untracked 
|  39|0x0000000707400000, 0x0000000707400000, 0x0000000707600000|  0%| F|  |TAMS 0x0000000707400000, 0x0000000707400000| Untracked 
|  40|0x0000000707600000, 0x0000000707600000, 0x0000000707800000|  0%| F|  |TAMS 0x0000000707600000, 0x0000000707600000| Untracked 
|  41|0x0000000707800000, 0x0000000707800000, 0x0000000707a00000|  0%| F|  |TAMS 0x0000000707800000, 0x0000000707800000| Untracked 
|  42|0x0000000707a00000, 0x0000000707a00000, 0x0000000707c00000|  0%| F|  |TAMS 0x0000000707a00000, 0x0000000707a00000| Untracked 
|  43|0x0000000707c00000, 0x0000000707c00000, 0x0000000707e00000|  0%| F|  |TAMS 0x0000000707c00000, 0x0000000707c00000| Untracked 
|  44|0x0000000707e00000, 0x0000000707e00000, 0x0000000708000000|  0%| F|  |TAMS 0x0000000707e00000, 0x0000000707e00000| Untracked 
|  45|0x0000000708000000, 0x00000007081cc630, 0x0000000708200000| 89%| S|CS|TAMS 0x0000000708000000, 0x0000000708000000| Complete 
|  46|0x0000000708200000, 0x0000000708400000, 0x0000000708400000|100%| S|CS|TAMS 0x0000000708200000, 0x0000000708200000| Complete 
|  47|0x0000000708400000, 0x0000000708600000, 0x0000000708600000|100%| S|CS|TAMS 0x0000000708400000, 0x0000000708400000| Complete 
|  48|0x0000000708600000, 0x0000000708600000, 0x0000000708800000|  0%| F|  |TAMS 0x0000000708600000, 0x0000000708600000| Untracked 
|  49|0x0000000708800000, 0x0000000708800000, 0x0000000708a00000|  0%| F|  |TAMS 0x0000000708800000, 0x0000000708800000| Untracked 
|  50|0x0000000708a00000, 0x0000000708a00000, 0x0000000708c00000|  0%| F|  |TAMS 0x0000000708a00000, 0x0000000708a00000| Untracked 
|  51|0x0000000708c00000, 0x0000000708c00000, 0x0000000708e00000|  0%| F|  |TAMS 0x0000000708c00000, 0x0000000708c00000| Untracked 
|  52|0x0000000708e00000, 0x0000000708e00000, 0x0000000709000000|  0%| F|  |TAMS 0x0000000708e00000, 0x0000000708e00000| Untracked 
|  53|0x0000000709000000, 0x0000000709000000, 0x0000000709200000|  0%| F|  |TAMS 0x0000000709000000, 0x0000000709000000| Untracked 
|  54|0x0000000709200000, 0x0000000709200000, 0x0000000709400000|  0%| F|  |TAMS 0x0000000709200000, 0x0000000709200000| Untracked 
|  55|0x0000000709400000, 0x0000000709400000, 0x0000000709600000|  0%| F|  |TAMS 0x0000000709400000, 0x0000000709400000| Untracked 
|  56|0x0000000709600000, 0x0000000709600000, 0x0000000709800000|  0%| F|  |TAMS 0x0000000709600000, 0x0000000709600000| Untracked 
|  57|0x0000000709800000, 0x0000000709800000, 0x0000000709a00000|  0%| F|  |TAMS 0x0000000709800000, 0x0000000709800000| Untracked 
|  58|0x0000000709a00000, 0x0000000709a00000, 0x0000000709c00000|  0%| F|  |TAMS 0x0000000709a00000, 0x0000000709a00000| Untracked 
|  59|0x0000000709c00000, 0x0000000709c00000, 0x0000000709e00000|  0%| F|  |TAMS 0x0000000709c00000, 0x0000000709c00000| Untracked 
|  60|0x0000000709e00000, 0x0000000709e00000, 0x000000070a000000|  0%| F|  |TAMS 0x0000000709e00000, 0x0000000709e00000| Untracked 
|  61|0x000000070a000000, 0x000000070a000000, 0x000000070a200000|  0%| F|  |TAMS 0x000000070a000000, 0x000000070a000000| Untracked 
|  62|0x000000070a200000, 0x000000070a200000, 0x000000070a400000|  0%| F|  |TAMS 0x000000070a200000, 0x000000070a200000| Untracked 
|  63|0x000000070a400000, 0x000000070a400000, 0x000000070a600000|  0%| F|  |TAMS 0x000000070a400000, 0x000000070a400000| Untracked 
|  64|0x000000070a600000, 0x000000070a600000, 0x000000070a800000|  0%| F|  |TAMS 0x000000070a600000, 0x000000070a600000| Untracked 
|  65|0x000000070a800000, 0x000000070a800000, 0x000000070aa00000|  0%| F|  |TAMS 0x000000070a800000, 0x000000070a800000| Untracked 
|  66|0x000000070aa00000, 0x000000070aa00000, 0x000000070ac00000|  0%| F|  |TAMS 0x000000070aa00000, 0x000000070aa00000| Untracked 
|  67|0x000000070ac00000, 0x000000070ac00000, 0x000000070ae00000|  0%| F|  |TAMS 0x000000070ac00000, 0x000000070ac00000| Untracked 
|  68|0x000000070ae00000, 0x000000070ae00000, 0x000000070b000000|  0%| F|  |TAMS 0x000000070ae00000, 0x000000070ae00000| Untracked 
|  69|0x000000070b000000, 0x000000070b000000, 0x000000070b200000|  0%| F|  |TAMS 0x000000070b000000, 0x000000070b000000| Untracked 
|  70|0x000000070b200000, 0x000000070b200000, 0x000000070b400000|  0%| F|  |TAMS 0x000000070b200000, 0x000000070b200000| Untracked 
|  71|0x000000070b400000, 0x000000070b400000, 0x000000070b600000|  0%| F|  |TAMS 0x000000070b400000, 0x000000070b400000| Untracked 
|  72|0x000000070b600000, 0x000000070b600000, 0x000000070b800000|  0%| F|  |TAMS 0x000000070b600000, 0x000000070b600000| Untracked 
|  73|0x000000070b800000, 0x000000070b800000, 0x000000070ba00000|  0%| F|  |TAMS 0x000000070b800000, 0x000000070b800000| Untracked 
|  74|0x000000070ba00000, 0x000000070ba00000, 0x000000070bc00000|  0%| F|  |TAMS 0x000000070ba00000, 0x000000070ba00000| Untracked 
|  75|0x000000070bc00000, 0x000000070bc00000, 0x000000070be00000|  0%| F|  |TAMS 0x000000070bc00000, 0x000000070bc00000| Untracked 
|  76|0x000000070be00000, 0x000000070be00000, 0x000000070c000000|  0%| F|  |TAMS 0x000000070be00000, 0x000000070be00000| Untracked 
|  77|0x000000070c000000, 0x000000070c000000, 0x000000070c200000|  0%| F|  |TAMS 0x000000070c000000, 0x000000070c000000| Untracked 
|  78|0x000000070c200000, 0x000000070c200000, 0x000000070c400000|  0%| F|  |TAMS 0x000000070c200000, 0x000000070c200000| Untracked 
|  79|0x000000070c400000, 0x000000070c400000, 0x000000070c600000|  0%| F|  |TAMS 0x000000070c400000, 0x000000070c400000| Untracked 
|  80|0x000000070c600000, 0x000000070c600000, 0x000000070c800000|  0%| F|  |TAMS 0x000000070c600000, 0x000000070c600000| Untracked 
|  81|0x000000070c800000, 0x000000070c800000, 0x000000070ca00000|  0%| F|  |TAMS 0x000000070c800000, 0x000000070c800000| Untracked 
|  82|0x000000070ca00000, 0x000000070ca00000, 0x000000070cc00000|  0%| F|  |TAMS 0x000000070ca00000, 0x000000070ca00000| Untracked 
|  83|0x000000070cc00000, 0x000000070cc00000, 0x000000070ce00000|  0%| F|  |TAMS 0x000000070cc00000, 0x000000070cc00000| Untracked 
|  84|0x000000070ce00000, 0x000000070ce00000, 0x000000070d000000|  0%| F|  |TAMS 0x000000070ce00000, 0x000000070ce00000| Untracked 
|  85|0x000000070d000000, 0x000000070d000000, 0x000000070d200000|  0%| F|  |TAMS 0x000000070d000000, 0x000000070d000000| Untracked 
|  86|0x000000070d200000, 0x000000070d200000, 0x000000070d400000|  0%| F|  |TAMS 0x000000070d200000, 0x000000070d200000| Untracked 
|  87|0x000000070d400000, 0x000000070d400000, 0x000000070d600000|  0%| F|  |TAMS 0x000000070d400000, 0x000000070d400000| Untracked 
|  88|0x000000070d600000, 0x000000070d600000, 0x000000070d800000|  0%| F|  |TAMS 0x000000070d600000, 0x000000070d600000| Untracked 
|  89|0x000000070d800000, 0x000000070d800000, 0x000000070da00000|  0%| F|  |TAMS 0x000000070d800000, 0x000000070d800000| Untracked 
|  90|0x000000070da00000, 0x000000070da00000, 0x000000070dc00000|  0%| F|  |TAMS 0x000000070da00000, 0x000000070da00000| Untracked 
|  91|0x000000070dc00000, 0x000000070dc00000, 0x000000070de00000|  0%| F|  |TAMS 0x000000070dc00000, 0x000000070dc00000| Untracked 
|  92|0x000000070de00000, 0x000000070de00000, 0x000000070e000000|  0%| F|  |TAMS 0x000000070de00000, 0x000000070de00000| Untracked 
|  93|0x000000070e000000, 0x000000070e000000, 0x000000070e200000|  0%| F|  |TAMS 0x000000070e000000, 0x000000070e000000| Untracked 
|  94|0x000000070e200000, 0x000000070e200000, 0x000000070e400000|  0%| F|  |TAMS 0x000000070e200000, 0x000000070e200000| Untracked 
|  95|0x000000070e400000, 0x000000070e400000, 0x000000070e600000|  0%| F|  |TAMS 0x000000070e400000, 0x000000070e400000| Untracked 
|  96|0x000000070e600000, 0x000000070e600000, 0x000000070e800000|  0%| F|  |TAMS 0x000000070e600000, 0x000000070e600000| Untracked 
|  97|0x000000070e800000, 0x000000070e800000, 0x000000070ea00000|  0%| F|  |TAMS 0x000000070e800000, 0x000000070e800000| Untracked 
|  98|0x000000070ea00000, 0x000000070ea00000, 0x000000070ec00000|  0%| F|  |TAMS 0x000000070ea00000, 0x000000070ea00000| Untracked 
|  99|0x000000070ec00000, 0x000000070ec00000, 0x000000070ee00000|  0%| F|  |TAMS 0x000000070ec00000, 0x000000070ec00000| Untracked 
| 100|0x000000070ee00000, 0x000000070ee00000, 0x000000070f000000|  0%| F|  |TAMS 0x000000070ee00000, 0x000000070ee00000| Untracked 
| 101|0x000000070f000000, 0x000000070f000000, 0x000000070f200000|  0%| F|  |TAMS 0x000000070f000000, 0x000000070f000000| Untracked 
| 102|0x000000070f200000, 0x000000070f200000, 0x000000070f400000|  0%| F|  |TAMS 0x000000070f200000, 0x000000070f200000| Untracked 
| 103|0x000000070f400000, 0x000000070f400000, 0x000000070f600000|  0%| F|  |TAMS 0x000000070f400000, 0x000000070f400000| Untracked 
| 104|0x000000070f600000, 0x000000070f600000, 0x000000070f800000|  0%| F|  |TAMS 0x000000070f600000, 0x000000070f600000| Untracked 
| 105|0x000000070f800000, 0x000000070f800000, 0x000000070fa00000|  0%| F|  |TAMS 0x000000070f800000, 0x000000070f800000| Untracked 
| 106|0x000000070fa00000, 0x000000070fa00000, 0x000000070fc00000|  0%| F|  |TAMS 0x000000070fa00000, 0x000000070fa00000| Untracked 
| 107|0x000000070fc00000, 0x000000070fc00000, 0x000000070fe00000|  0%| F|  |TAMS 0x000000070fc00000, 0x000000070fc00000| Untracked 
| 108|0x000000070fe00000, 0x000000070fe00000, 0x0000000710000000|  0%| F|  |TAMS 0x000000070fe00000, 0x000000070fe00000| Untracked 
| 109|0x0000000710000000, 0x0000000710000000, 0x0000000710200000|  0%| F|  |TAMS 0x0000000710000000, 0x0000000710000000| Untracked 
| 110|0x0000000710200000, 0x0000000710200000, 0x0000000710400000|  0%| F|  |TAMS 0x0000000710200000, 0x0000000710200000| Untracked 
| 111|0x0000000710400000, 0x0000000710400000, 0x0000000710600000|  0%| F|  |TAMS 0x0000000710400000, 0x0000000710400000| Untracked 
| 112|0x0000000710600000, 0x0000000710600000, 0x0000000710800000|  0%| F|  |TAMS 0x0000000710600000, 0x0000000710600000| Untracked 
| 113|0x0000000710800000, 0x0000000710800000, 0x0000000710a00000|  0%| F|  |TAMS 0x0000000710800000, 0x0000000710800000| Untracked 
| 114|0x0000000710a00000, 0x0000000710a00000, 0x0000000710c00000|  0%| F|  |TAMS 0x0000000710a00000, 0x0000000710a00000| Untracked 
| 115|0x0000000710c00000, 0x0000000710c00000, 0x0000000710e00000|  0%| F|  |TAMS 0x0000000710c00000, 0x0000000710c00000| Untracked 
| 116|0x0000000710e00000, 0x0000000710e00000, 0x0000000711000000|  0%| F|  |TAMS 0x0000000710e00000, 0x0000000710e00000| Untracked 
| 117|0x0000000711000000, 0x0000000711000000, 0x0000000711200000|  0%| F|  |TAMS 0x0000000711000000, 0x0000000711000000| Untracked 
| 118|0x0000000711200000, 0x0000000711200000, 0x0000000711400000|  0%| F|  |TAMS 0x0000000711200000, 0x0000000711200000| Untracked 
| 119|0x0000000711400000, 0x0000000711400000, 0x0000000711600000|  0%| F|  |TAMS 0x0000000711400000, 0x0000000711400000| Untracked 
| 120|0x0000000711600000, 0x0000000711600000, 0x0000000711800000|  0%| F|  |TAMS 0x0000000711600000, 0x0000000711600000| Untracked 
| 121|0x0000000711800000, 0x0000000711800000, 0x0000000711a00000|  0%| F|  |TAMS 0x0000000711800000, 0x0000000711800000| Untracked 
| 122|0x0000000711a00000, 0x0000000711a00000, 0x0000000711c00000|  0%| F|  |TAMS 0x0000000711a00000, 0x0000000711a00000| Untracked 
| 123|0x0000000711c00000, 0x0000000711c00000, 0x0000000711e00000|  0%| F|  |TAMS 0x0000000711c00000, 0x0000000711c00000| Untracked 
| 124|0x0000000711e00000, 0x0000000711e00000, 0x0000000712000000|  0%| F|  |TAMS 0x0000000711e00000, 0x0000000711e00000| Untracked 
| 125|0x0000000712000000, 0x0000000712000000, 0x0000000712200000|  0%| F|  |TAMS 0x0000000712000000, 0x0000000712000000| Untracked 
| 126|0x0000000712200000, 0x0000000712200000, 0x0000000712400000|  0%| F|  |TAMS 0x0000000712200000, 0x0000000712200000| Untracked 

Card table byte_map: [0x00000206a0370000,0x00000206a0b60000] _byte_map_base: 0x000002069cb5d000

Marking Bits (Prev, Next): (CMBitMap*) 0x000002068b4c4fc0, (CMBitMap*) 0x000002068b4c4f80
 Prev Bits: [0x00000206a52c0000, 0x00000206a9228000)
 Next Bits: [0x00000206a1350000, 0x00000206a52b8000)

Polling page: 0x000002068b520000

Metaspace:

Usage:
  Non-class:     65.03 MB used.
      Class:      8.58 MB used.
       Both:     73.61 MB used.

Virtual space:
  Non-class space:       72.00 MB reserved,      65.19 MB ( 91%) committed,  9 nodes.
      Class space:        1.00 GB reserved,       8.69 MB ( <1%) committed,  1 nodes.
             Both:        1.07 GB reserved,      73.88 MB (  7%) committed. 

Chunk freelists:
   Non-Class:  2.84 MB
       Class:  3.25 MB
        Both:  6.09 MB

MaxMetaspaceSize: unlimited
CompressedClassSpaceSize: 1.00 GB
Initial GC threshold: 21.00 MB
Current GC threshold: 99.00 MB
CDS: off
MetaspaceReclaimPolicy: balanced
 - commit_granule_bytes: 65536.
 - commit_granule_words: 8192.
 - virtual_space_node_default_size: 1048576.
 - enlarge_chunks_in_place: 1.
 - new_chunks_are_fully_committed: 0.
 - uncommit_free_chunks: 1.
 - use_allocation_guard: 0.
 - handle_deallocations: 1.


Internal statistics:

num_allocs_failed_limit: 12.
num_arena_births: 368.
num_arena_deaths: 0.
num_vsnodes_births: 10.
num_vsnodes_deaths: 0.
num_space_committed: 1180.
num_space_uncommitted: 0.
num_chunks_returned_to_freelist: 12.
num_chunks_taken_from_freelist: 2747.
num_chunk_merges: 12.
num_chunk_splits: 2195.
num_chunks_enlarged: 1925.
num_purges: 0.
num_inconsistent_stats: 0.

CodeHeap 'non-profiled nmethods': size=120000Kb used=4611Kb max_used=4611Kb free=115388Kb
 bounds [0x0000020697bc0000, 0x0000020698050000, 0x000002069f0f0000]
CodeHeap 'profiled nmethods': size=120000Kb used=22770Kb max_used=22770Kb free=97229Kb
 bounds [0x00000206900f0000, 0x0000020691780000, 0x0000020697620000]
CodeHeap 'non-nmethods': size=5760Kb used=1401Kb max_used=1485Kb free=4358Kb
 bounds [0x0000020697620000, 0x0000020697890000, 0x0000020697bc0000]
 total_blobs=9286 nmethods=8553 adapters=641
 compilation: enabled
              stopped_count=0, restarted_count=0
 full_count=0

Compilation events (20 events):
Event: 9.001 Thread 0x00000206ac898830 10030       1       org.jetbrains.kotlin.ir.builders.IrElementBuilder::setStartOffset (6 bytes)
Event: 9.001 Thread 0x00000206ac898830 nmethod 10030 0x000002069803fd10 code [0x000002069803fea0, 0x000002069803ff78]
Event: 9.001 Thread 0x00000206ac898830 10031       1       org.jetbrains.kotlin.ir.builders.IrElementBuilder::setEndOffset (6 bytes)
Event: 9.001 Thread 0x00000206ac898830 nmethod 10031 0x0000020698040010 code [0x00000206980401a0, 0x0000020698040278]
Event: 9.001 Thread 0x00000206ac898830 10032       1       org.jetbrains.kotlin.ir.builders.declarations.IrFunctionBuilder::setSuspend (6 bytes)
Event: 9.001 Thread 0x00000206ac898830 nmethod 10032 0x0000020698040310 code [0x00000206980404a0, 0x0000020698040578]
Event: 9.001 Thread 0x00000206ac898830 10033       1       org.jetbrains.kotlin.ir.builders.declarations.IrFunctionBuilder::setFakeOverride (6 bytes)
Event: 9.002 Thread 0x00000206ac898830 nmethod 10033 0x0000020698040610 code [0x00000206980407a0, 0x0000020698040878]
Event: 9.003 Thread 0x00000206ac898830 10034       3       org.jetbrains.kotlin.ir.symbols.impl.IrSimpleFunctionSymbolImpl::getOwner (8 bytes)
Event: 9.003 Thread 0x00000206ac898830 nmethod 10034 0x000002069093fd90 code [0x000002069093ff40, 0x00000206909401e8]
Event: 9.003 Thread 0x00000206ac898830 10035       3       org.jetbrains.kotlin.ir.util.IrUtilsKt$special$$inlined$filterIsInstance$1::invoke (6 bytes)
Event: 9.003 Thread 0x00000206ac898830 nmethod 10035 0x0000020690da8f10 code [0x0000020690da90c0, 0x0000020690da9418]
Event: 9.003 Thread 0x00000206ac898830 10036       3       org.jetbrains.kotlin.ir.util.IrUtilsKt$special$$inlined$filterIsInstance$1::invoke (8 bytes)
Event: 9.004 Thread 0x00000206ac898830 nmethod 10036 0x000002069075f110 code [0x000002069075f2c0, 0x000002069075f5b8]
Event: 9.007 Thread 0x00000206ac898830 10037       3       org.jetbrains.kotlin.renderer.DescriptorRendererImpl::render (65 bytes)
Event: 9.008 Thread 0x00000206ac898830 nmethod 10037 0x0000020690def610 code [0x0000020690def8e0, 0x0000020690df07c8]
Event: 9.008 Thread 0x00000206ac898830 10038       1       org.jetbrains.kotlin.ir.declarations.impl.IrClassImpl::getSymbol (5 bytes)
Event: 9.008 Thread 0x00000206ac898830 nmethod 10038 0x0000020698040910 code [0x0000020698040aa0, 0x0000020698040b78]
Event: 9.008 Thread 0x00000206ac898830 10039       1       org.jetbrains.kotlin.ir.declarations.impl.IrFieldImpl::getSymbol (5 bytes)
Event: 9.008 Thread 0x00000206ac898830 nmethod 10039 0x0000020698040c10 code [0x0000020698040da0, 0x0000020698040e78]

GC Heap History (20 events):
Event: 2.314 GC heap after
{Heap after GC invocations=6 (full 0):
 garbage-first heap   total 49152K, used 21763K [0x0000000702600000, 0x0000000800000000)
  region size 2048K, 2 young (4096K), 2 survivors (4096K)
 Metaspace       used 31272K, committed 31552K, reserved 1081344K
  class space    used 3784K, committed 3904K, reserved 1048576K
}
Event: 2.595 GC heap before
{Heap before GC invocations=6 (full 0):
 garbage-first heap   total 49152K, used 36099K [0x0000000702600000, 0x0000000800000000)
  region size 2048K, 9 young (18432K), 2 survivors (4096K)
 Metaspace       used 34951K, committed 35200K, reserved 1081344K
  class space    used 4415K, committed 4544K, reserved 1048576K
}
Event: 2.603 GC heap after
{Heap after GC invocations=7 (full 0):
 garbage-first heap   total 49152K, used 24069K [0x0000000702600000, 0x0000000800000000)
  region size 2048K, 1 young (2048K), 1 survivors (2048K)
 Metaspace       used 34951K, committed 35200K, reserved 1081344K
  class space    used 4415K, committed 4544K, reserved 1048576K
}
Event: 2.668 GC heap before
{Heap before GC invocations=7 (full 0):
 garbage-first heap   total 49152K, used 26117K [0x0000000702600000, 0x0000000800000000)
  region size 2048K, 3 young (6144K), 1 survivors (2048K)
 Metaspace       used 35886K, committed 36096K, reserved 1081344K
  class space    used 4524K, committed 4608K, reserved 1048576K
}
Event: 2.671 GC heap after
{Heap after GC invocations=8 (full 0):
 garbage-first heap   total 49152K, used 24827K [0x0000000702600000, 0x0000000800000000)
  region size 2048K, 1 young (2048K), 1 survivors (2048K)
 Metaspace       used 35886K, committed 36096K, reserved 1081344K
  class space    used 4524K, committed 4608K, reserved 1048576K
}
Event: 2.850 GC heap before
{Heap before GC invocations=9 (full 0):
 garbage-first heap   total 49152K, used 35067K [0x0000000702600000, 0x0000000800000000)
  region size 2048K, 6 young (12288K), 1 survivors (2048K)
 Metaspace       used 37471K, committed 37696K, reserved 1089536K
  class space    used 4714K, committed 4800K, reserved 1048576K
}
Event: 2.852 GC heap after
{Heap after GC invocations=10 (full 0):
 garbage-first heap   total 49152K, used 24121K [0x0000000702600000, 0x0000000800000000)
  region size 2048K, 1 young (2048K), 1 survivors (2048K)
 Metaspace       used 37471K, committed 37696K, reserved 1089536K
  class space    used 4714K, committed 4800K, reserved 1048576K
}
Event: 2.887 GC heap before
{Heap before GC invocations=10 (full 0):
 garbage-first heap   total 49152K, used 26169K [0x0000000702600000, 0x0000000800000000)
  region size 2048K, 2 young (4096K), 1 survivors (2048K)
 Metaspace       used 37751K, committed 38016K, reserved 1089536K
  class space    used 4744K, committed 4864K, reserved 1048576K
}
Event: 2.891 GC heap after
{Heap after GC invocations=11 (full 0):
 garbage-first heap   total 155648K, used 24028K [0x0000000702600000, 0x0000000800000000)
  region size 2048K, 1 young (2048K), 1 survivors (2048K)
 Metaspace       used 37751K, committed 38016K, reserved 1089536K
  class space    used 4744K, committed 4864K, reserved 1048576K
}
Event: 3.753 GC heap before
{Heap before GC invocations=11 (full 0):
 garbage-first heap   total 155648K, used 93660K [0x0000000702600000, 0x0000000800000000)
  region size 2048K, 35 young (71680K), 1 survivors (2048K)
 Metaspace       used 48403K, committed 48640K, reserved 1097728K
  class space    used 5808K, committed 5888K, reserved 1048576K
}
Event: 3.759 GC heap after
{Heap after GC invocations=12 (full 0):
 garbage-first heap   total 155648K, used 28747K [0x0000000702600000, 0x0000000800000000)
  region size 2048K, 3 young (6144K), 3 survivors (6144K)
 Metaspace       used 48403K, committed 48640K, reserved 1097728K
  class space    used 5808K, committed 5888K, reserved 1048576K
}
Event: 5.501 GC heap before
{Heap before GC invocations=12 (full 0):
 garbage-first heap   total 155648K, used 108619K [0x0000000702600000, 0x0000000800000000)
  region size 2048K, 41 young (83968K), 3 survivors (6144K)
 Metaspace       used 56876K, committed 57152K, reserved 1105920K
  class space    used 6667K, committed 6784K, reserved 1048576K
}
Event: 5.525 GC heap after
{Heap after GC invocations=13 (full 0):
 garbage-first heap   total 155648K, used 44440K [0x0000000702600000, 0x0000000800000000)
  region size 2048K, 6 young (12288K), 6 survivors (12288K)
 Metaspace       used 56876K, committed 57152K, reserved 1105920K
  class space    used 6667K, committed 6784K, reserved 1048576K
}
Event: 6.004 GC heap before
{Heap before GC invocations=13 (full 0):
 garbage-first heap   total 155648K, used 77208K [0x0000000702600000, 0x0000000800000000)
  region size 2048K, 23 young (47104K), 6 survivors (12288K)
 Metaspace       used 60131K, committed 60416K, reserved 1105920K
  class space    used 7118K, committed 7232K, reserved 1048576K
}
Event: 6.025 GC heap after
{Heap after GC invocations=14 (full 0):
 garbage-first heap   total 155648K, used 47985K [0x0000000702600000, 0x0000000800000000)
  region size 2048K, 2 young (4096K), 2 survivors (4096K)
 Metaspace       used 60131K, committed 60416K, reserved 1105920K
  class space    used 7118K, committed 7232K, reserved 1048576K
}
Event: 7.674 GC heap before
{Heap before GC invocations=15 (full 0):
 garbage-first heap   total 155648K, used 109425K [0x0000000702600000, 0x0000000800000000)
  region size 2048K, 32 young (65536K), 2 survivors (4096K)
 Metaspace       used 66631K, committed 66944K, reserved 1114112K
  class space    used 7872K, committed 8000K, reserved 1048576K
}
Event: 7.692 GC heap after
{Heap after GC invocations=16 (full 0):
 garbage-first heap   total 155648K, used 56660K [0x0000000702600000, 0x0000000800000000)
  region size 2048K, 4 young (8192K), 4 survivors (8192K)
 Metaspace       used 66631K, committed 66944K, reserved 1114112K
  class space    used 7872K, committed 8000K, reserved 1048576K
}
Event: 7.713 GC heap before
{Heap before GC invocations=16 (full 0):
 garbage-first heap   total 155648K, used 58708K [0x0000000702600000, 0x0000000800000000)
  region size 2048K, 5 young (10240K), 4 survivors (8192K)
 Metaspace       used 66646K, committed 66944K, reserved 1114112K
  class space    used 7872K, committed 8000K, reserved 1048576K
}
Event: 7.735 GC heap after
{Heap after GC invocations=17 (full 0):
 garbage-first heap   total 155648K, used 58176K [0x0000000702600000, 0x0000000800000000)
  region size 2048K, 1 young (2048K), 1 survivors (2048K)
 Metaspace       used 66646K, committed 66944K, reserved 1114112K
  class space    used 7872K, committed 8000K, reserved 1048576K
}
Event: 9.016 GC heap before
{Heap before GC invocations=17 (full 0):
 garbage-first heap   total 155648K, used 113472K [0x0000000702600000, 0x0000000800000000)
  region size 2048K, 28 young (57344K), 1 survivors (2048K)
 Metaspace       used 75375K, committed 75648K, reserved 1122304K
  class space    used 8782K, committed 8896K, reserved 1048576K
}

Dll operation events (2 events):
Event: 0.007 Loaded shared library C:\Program Files\Android\Android Studio\jbr\bin\java.dll
Event: 1.386 Loaded shared library C:\Program Files\Android\Android Studio\jbr\bin\verify.dll

Deoptimization events (20 events):
Event: 8.863 Thread 0x000002068b23a610 Uncommon trap: trap_request=0xffffffcc fr.pc=0x0000020697f2e250 relative=0x00000000000003b0
Event: 8.863 Thread 0x000002068b23a610 Uncommon trap: reason=intrinsic_or_type_checked_inlining action=make_not_entrant pc=0x0000020697f2e250 method=java.util.ArrayList.toArray([Ljava/lang/Object;)[Ljava/lang/Object; @ 36 c2
Event: 8.863 Thread 0x000002068b23a610 DEOPT PACKING pc=0x0000020697f2e250 sp=0x000000dc02dfc9d0
Event: 8.863 Thread 0x000002068b23a610 DEOPT UNPACKING pc=0x00000206976769a3 sp=0x000000dc02dfc9a0 mode 2
Event: 8.879 Thread 0x000002068b23a610 DEOPT PACKING pc=0x00000206916d2d6a sp=0x000000dc02dfdb50
Event: 8.879 Thread 0x000002068b23a610 DEOPT UNPACKING pc=0x0000020697677143 sp=0x000000dc02dfcfd8 mode 0
Event: 8.899 Thread 0x000002068b23a610 Uncommon trap: trap_request=0xffffffde fr.pc=0x0000020697e78490 relative=0x0000000000000450
Event: 8.899 Thread 0x000002068b23a610 Uncommon trap: reason=class_check action=maybe_recompile pc=0x0000020697e78490 method=org.jetbrains.kotlin.load.java.JavaDescriptorVisibilities.toDescriptorVisibility(Lorg/jetbrains/kotlin/descriptors/Visibility;)Lorg/jetbrains/kotlin/descriptors/Descript
Event: 8.899 Thread 0x000002068b23a610 DEOPT PACKING pc=0x0000020697e78490 sp=0x000000dc02dfdf50
Event: 8.899 Thread 0x000002068b23a610 DEOPT UNPACKING pc=0x00000206976769a3 sp=0x000000dc02dfde38 mode 2
Event: 8.904 Thread 0x000002068b23a610 Uncommon trap: trap_request=0xffffff45 fr.pc=0x0000020697e3e894 relative=0x00000000000003f4
Event: 8.904 Thread 0x000002068b23a610 Uncommon trap: reason=unstable_if action=reinterpret pc=0x0000020697e3e894 method=kotlin.LazyKt__LazyJVMKt.lazy(Lkotlin/LazyThreadSafetyMode;Lkotlin/jvm/functions/Function0;)Lkotlin/Lazy; @ 21 c2
Event: 8.904 Thread 0x000002068b23a610 DEOPT PACKING pc=0x0000020697e3e894 sp=0x000000dc02dfddf0
Event: 8.904 Thread 0x000002068b23a610 DEOPT UNPACKING pc=0x00000206976769a3 sp=0x000000dc02dfddb0 mode 2
Event: 8.957 Thread 0x000002068b23a610 Uncommon trap: trap_request=0xffffff76 fr.pc=0x0000020697f37664 relative=0x00000000000001c4
Event: 8.957 Thread 0x000002068b23a610 Uncommon trap: reason=predicate action=maybe_recompile pc=0x0000020697f37664 method=java.util.LinkedHashMap.keysToArray([Ljava/lang/Object;)[Ljava/lang/Object; @ 12 c2
Event: 8.957 Thread 0x000002068b23a610 DEOPT PACKING pc=0x0000020697f37664 sp=0x000000dc02dfdc00
Event: 8.957 Thread 0x000002068b23a610 DEOPT UNPACKING pc=0x00000206976769a3 sp=0x000000dc02dfdbc8 mode 2
Event: 8.974 Thread 0x000002068b23a610 DEOPT PACKING pc=0x000002069032e064 sp=0x000000dc02dfdcc0
Event: 8.974 Thread 0x000002068b23a610 DEOPT UNPACKING pc=0x0000020697677143 sp=0x000000dc02dfd158 mode 0

Classes unloaded (0 events):
No events

Classes redefined (0 events):
No events

Internal exceptions (20 events):
Event: 6.354 Thread 0x000002068b23a610 Implicit null exception at 0x0000020697bda1f2 to 0x0000020697bda84c
Event: 6.370 Thread 0x000002068b23a610 Exception <a 'java/lang/NoSuchMethodError'{0x000000070b3d4f30}: 'java.lang.Object java.lang.invoke.DirectMethodHandle$Holder.invokeInterface(java.lang.Object, java.lang.Object, java.lang.Object)'> (0x000000070b3d4f30) 
thrown [s\src\hotspot\share\interpreter\linkResolver.cpp, line 771]
Event: 6.370 Thread 0x000002068b23a610 Exception <a 'java/lang/IncompatibleClassChangeError'{0x000000070b3d88a0}: Found class java.lang.Object, but interface was expected> (0x000000070b3d88a0) 
thrown [s\src\hotspot\share\interpreter\linkResolver.cpp, line 838]
Event: 6.381 Thread 0x000002068b23a610 Implicit null exception at 0x0000020697bdc4f2 to 0x0000020697bdcb4c
Event: 6.593 Thread 0x000002068b23a610 Exception <a 'java/lang/NoSuchMethodError'{0x000000070a8270c8}: 'java.lang.Object java.lang.invoke.DirectMethodHandle$Holder.newInvokeSpecial(java.lang.Object, java.lang.Object, java.lang.Object, java.lang.Object, java.lang.Object, java.lang.Object, java.lang.Object)'> (0x000000070a8270c8) 
thrown [s\src\hotspot\share\interpreter\linkResolver.cpp, line 771]
Event: 6.593 Thread 0x000002068b23a610 Exception <a 'java/lang/NoSuchMethodError'{0x000000070a82bc80}: 'java.lang.Object java.lang.invoke.Invokers$Holder.linkToTargetMethod(java.lang.Object, java.lang.Object, java.lang.Object, java.lang.Object, java.lang.Object, java.lang.Object, java.lang.Object)'> (0x000000070a82bc80) 
thrown [s\src\hotspot\share\interpreter\linkResolver.cpp, line 771]
Event: 6.952 Thread 0x000002068b23a610 Implicit null exception at 0x0000020697c27160 to 0x0000020697c271fa
Event: 7.772 Thread 0x000002068b23a610 Exception <a 'java/lang/NoSuchMethodError'{0x0000000711c2dbf8}: 'void java.lang.invoke.DirectMethodHandle$Holder.invokeStatic(java.lang.Object, java.lang.Object, java.lang.Object)'> (0x0000000711c2dbf8) 
thrown [s\src\hotspot\share\interpreter\linkResolver.cpp, line 771]
Event: 7.949 Thread 0x000002068b23a610 Implicit null exception at 0x0000020697c554ef to 0x0000020697c556d4
Event: 8.064 Thread 0x000002068b23a610 Implicit null exception at 0x0000020697e5ee56 to 0x0000020697e5f12c
Event: 8.234 Thread 0x000002068b23a610 Exception <a 'java/lang/NoSuchMethodError'{0x000000070aca2c90}: 'java.lang.Object java.lang.invoke.DirectMethodHandle$Holder.invokeStaticInit(java.lang.Object, java.lang.Object, java.lang.Object, java.lang.Object)'> (0x000000070aca2c90) 
thrown [s\src\hotspot\share\interpreter\linkResolver.cpp, line 771]
Event: 8.550 Thread 0x000002068b23a610 Exception <a 'java/lang/NoSuchMethodError'{0x0000000709a6cbd8}: 'java.lang.Object java.lang.invoke.DirectMethodHandle$Holder.newInvokeSpecial(java.lang.Object, int, java.lang.Object, java.lang.Object)'> (0x0000000709a6cbd8) 
thrown [s\src\hotspot\share\interpreter\linkResolver.cpp, line 771]
Event: 8.584 Thread 0x000002068b23a610 Exception <a 'java/lang/NoSuchMethodError'{0x0000000709b457f8}: 'java.lang.Object java.lang.invoke.DirectMethodHandle$Holder.invokeSpecial(java.lang.Object, java.lang.Object, int, int, java.lang.Object, java.lang.Object, java.lang.Object, java.lang.Object, java.lang.Object)'> (0x0000000709b457f8) 
thrown [s\src\hotspot\share\interpreter\linkResolver.cpp, line 771]
Event: 8.599 Thread 0x000002068b23a610 Implicit null exception at 0x0000020697c2cc70 to 0x0000020697c2ced0
Event: 8.638 Thread 0x000002068b23a610 Exception <a 'java/lang/NoSuchMethodError'{0x0000000709833c98}: 'java.lang.Object java.lang.invoke.DirectMethodHandle$Holder.invokeStatic(java.lang.Object, java.lang.Object, java.lang.Object, int, int, java.lang.Object, java.lang.Object, java.lang.Object, java.lang.Object)'> (0x0000000709833c98) 
thrown [s\src\hotspot\share\interpreter\linkResolver.cpp, line 771]
Event: 8.639 Thread 0x000002068b23a610 Exception <a 'java/lang/NoSuchMethodError'{0x000000070983df60}: 'java.lang.Object java.lang.invoke.DirectMethodHandle$Holder.newInvokeSpecial(java.lang.Object, java.lang.Object, java.lang.Object, int, int, java.lang.Object)'> (0x000000070983df60) 
thrown [s\src\hotspot\share\interpreter\linkResolver.cpp, line 771]
Event: 8.639 Thread 0x000002068b23a610 Exception <a 'java/lang/NoSuchMethodError'{0x0000000709845900}: 'java.lang.Object java.lang.invoke.Invokers$Holder.linkToTargetMethod(java.lang.Object, java.lang.Object, int, int, java.lang.Object, java.lang.Object)'> (0x0000000709845900) 
thrown [s\src\hotspot\share\interpreter\linkResolver.cpp, line 771]
Event: 8.653 Thread 0x000002068b23a610 Exception <a 'java/lang/NoSuchMethodError'{0x00000007098980b0}: 'java.lang.Object java.lang.invoke.DirectMethodHandle$Holder.newInvokeSpecial(java.lang.Object, java.lang.Object, java.lang.Object, int, int)'> (0x00000007098980b0) 
thrown [s\src\hotspot\share\interpreter\linkResolver.cpp, line 771]
Event: 8.653 Thread 0x000002068b23a610 Exception <a 'java/lang/NoSuchMethodError'{0x000000070989bef0}: 'java.lang.Object java.lang.invoke.DirectMethodHandle$Holder.invokeSpecial(java.lang.Object, java.lang.Object, java.lang.Object, java.lang.Object, int, int)'> (0x000000070989bef0) 
thrown [s\src\hotspot\share\interpreter\linkResolver.cpp, line 771]
Event: 8.653 Thread 0x000002068b23a610 Exception <a 'java/lang/NoSuchMethodError'{0x000000070989f930}: 'java.lang.Object java.lang.invoke.Invokers$Holder.linkToTargetMethod(java.lang.Object, java.lang.Object, int, int, java.lang.Object)'> (0x000000070989f930) 
thrown [s\src\hotspot\share\interpreter\linkResolver.cpp, line 771]

VM Operations (20 events):
Event: 8.737 Executing VM operation: HandshakeAllThreads done
Event: 8.851 Executing VM operation: ICBufferFull
Event: 8.851 Executing VM operation: ICBufferFull done
Event: 8.858 Executing VM operation: HandshakeAllThreads
Event: 8.858 Executing VM operation: HandshakeAllThreads done
Event: 8.892 Executing VM operation: HandshakeAllThreads
Event: 8.892 Executing VM operation: HandshakeAllThreads done
Event: 8.903 Executing VM operation: HandshakeAllThreads
Event: 8.903 Executing VM operation: HandshakeAllThreads done
Event: 8.911 Executing VM operation: HandshakeAllThreads
Event: 8.911 Executing VM operation: HandshakeAllThreads done
Event: 8.925 Executing VM operation: ICBufferFull
Event: 8.925 Executing VM operation: ICBufferFull done
Event: 8.938 Executing VM operation: HandshakeAllThreads
Event: 8.938 Executing VM operation: HandshakeAllThreads done
Event: 8.974 Executing VM operation: HandshakeAllThreads
Event: 8.974 Executing VM operation: HandshakeAllThreads done
Event: 8.991 Executing VM operation: HandshakeAllThreads
Event: 8.991 Executing VM operation: HandshakeAllThreads done
Event: 9.016 Executing VM operation: G1CollectForAllocation

Events (20 events):
Event: 8.401 Thread 0x00000206ac8aca90 flushing nmethod 0x0000020691392110
Event: 8.401 Thread 0x00000206ac8aca90 flushing nmethod 0x0000020691394710
Event: 8.401 Thread 0x00000206ac8aca90 flushing nmethod 0x00000206913d3390
Event: 8.401 Thread 0x00000206ac8aca90 flushing nmethod 0x00000206913f6b10
Event: 8.401 Thread 0x00000206ac8aca90 flushing nmethod 0x000002069142ff10
Event: 8.401 Thread 0x00000206ac8aca90 flushing nmethod 0x000002069143aa90
Event: 8.401 Thread 0x00000206ac8aca90 flushing nmethod 0x0000020691481c10
Event: 8.401 Thread 0x00000206ac8aca90 flushing nmethod 0x000002069148f690
Event: 8.401 Thread 0x00000206ac8aca90 flushing nmethod 0x0000020691490e10
Event: 8.401 Thread 0x00000206ac8aca90 flushing nmethod 0x00000206914e4890
Event: 8.401 Thread 0x00000206ac8aca90 flushing nmethod 0x00000206914f4890
Event: 8.402 Thread 0x00000206ac8aca90 flushing nmethod 0x00000206915a7f90
Event: 8.402 Thread 0x00000206ac8aca90 flushing nmethod 0x00000206915a8710
Event: 8.402 Thread 0x00000206ac8aca90 flushing nmethod 0x00000206915afd90
Event: 8.402 Thread 0x00000206ac8aca90 flushing nmethod 0x00000206915b0790
Event: 8.402 Thread 0x00000206ac8aca90 flushing nmethod 0x00000206915b6110
Event: 8.402 Thread 0x00000206ac8aca90 flushing nmethod 0x00000206915c2e10
Event: 8.402 Thread 0x00000206ac8aca90 flushing nmethod 0x0000020691672b10
Event: 8.402 Thread 0x00000206ac8aca90 flushing nmethod 0x000002069167bb90
Event: 8.403 Thread 0x00000206ac8aca90 flushing nmethod 0x00000206916e6990


Dynamic libraries:
0x00007ff7315b0000 - 0x00007ff7315ba000 	C:\Program Files\Android\Android Studio\jbr\bin\java.exe
0x00007ffed4d30000 - 0x00007ffed4f44000 	C:\WINDOWS\SYSTEM32\ntdll.dll
0x00007ffed2d50000 - 0x00007ffed2e12000 	C:\WINDOWS\System32\KERNEL32.DLL
0x00007ffed26e0000 - 0x00007ffed2a83000 	C:\WINDOWS\System32\KERNELBASE.dll
0x00007ffed2430000 - 0x00007ffed2541000 	C:\WINDOWS\System32\ucrtbase.dll
0x00007ffec0cb0000 - 0x00007ffec0cc7000 	C:\Program Files\Android\Android Studio\jbr\bin\jli.dll
0x00007ffec10b0000 - 0x00007ffec10cb000 	C:\Program Files\Android\Android Studio\jbr\bin\VCRUNTIME140.dll
0x00007ffed35b0000 - 0x00007ffed375b000 	C:\WINDOWS\System32\USER32.dll
0x00007ffed2550000 - 0x00007ffed2576000 	C:\WINDOWS\System32\win32u.dll
0x00007ffea5f40000 - 0x00007ffea61ce000 	C:\WINDOWS\WinSxS\amd64_microsoft.windows.common-controls_6595b64144ccf1df_6.0.22621.1635_none_270f70857386168e\COMCTL32.dll
0x00007ffed3d50000 - 0x00007ffed3d79000 	C:\WINDOWS\System32\GDI32.dll
0x00007ffed4b80000 - 0x00007ffed4c27000 	C:\WINDOWS\System32\msvcrt.dll
0x00007ffed2130000 - 0x00007ffed2249000 	C:\WINDOWS\System32\gdi32full.dll
0x00007ffed2580000 - 0x00007ffed261a000 	C:\WINDOWS\System32\msvcp_win.dll
0x00007ffed4230000 - 0x00007ffed4261000 	C:\WINDOWS\System32\IMM32.DLL
0x00007ffecc750000 - 0x00007ffecc75c000 	C:\Program Files\Android\Android Studio\jbr\bin\vcruntime140_1.dll
0x00007ffea7480000 - 0x00007ffea750d000 	C:\Program Files\Android\Android Studio\jbr\bin\msvcp140.dll
0x00007ffe8dc70000 - 0x00007ffe8e8dd000 	C:\Program Files\Android\Android Studio\jbr\bin\server\jvm.dll
0x00007ffed4ac0000 - 0x00007ffed4b6e000 	C:\WINDOWS\System32\ADVAPI32.dll
0x00007ffed2c30000 - 0x00007ffed2cd4000 	C:\WINDOWS\System32\sechost.dll
0x00007ffed2b10000 - 0x00007ffed2c27000 	C:\WINDOWS\System32\RPCRT4.dll
0x00007ffecb8b0000 - 0x00007ffecb8e4000 	C:\WINDOWS\SYSTEM32\WINMM.dll
0x00007ffecf5f0000 - 0x00007ffecf5f9000 	C:\WINDOWS\SYSTEM32\WSOCK32.dll
0x00007ffecf510000 - 0x00007ffecf51a000 	C:\WINDOWS\SYSTEM32\VERSION.dll
0x00007ffed3320000 - 0x00007ffed3391000 	C:\WINDOWS\System32\WS2_32.dll
0x00007ffed1270000 - 0x00007ffed1288000 	C:\WINDOWS\SYSTEM32\kernel.appcore.dll
0x00007ffecf600000 - 0x00007ffecf60a000 	C:\Program Files\Android\Android Studio\jbr\bin\jimage.dll
0x00007ffeca560000 - 0x00007ffeca78e000 	C:\WINDOWS\SYSTEM32\DBGHELP.DLL
0x00007ffed37f0000 - 0x00007ffed3b79000 	C:\WINDOWS\System32\combase.dll
0x00007ffed33a0000 - 0x00007ffed3477000 	C:\WINDOWS\System32\OLEAUT32.dll
0x00007ffebe7f0000 - 0x00007ffebe822000 	C:\WINDOWS\SYSTEM32\dbgcore.DLL
0x00007ffed2a90000 - 0x00007ffed2b0b000 	C:\WINDOWS\System32\bcryptPrimitives.dll
0x00007ffec2400000 - 0x00007ffec2425000 	C:\Program Files\Android\Android Studio\jbr\bin\java.dll
0x00007ffeceb60000 - 0x00007ffeceb78000 	C:\Program Files\Android\Android Studio\jbr\bin\zip.dll
0x00007ffed4270000 - 0x00007ffed4a6a000 	C:\WINDOWS\System32\SHELL32.dll
0x00007ffed0140000 - 0x00007ffed0a0e000 	C:\WINDOWS\SYSTEM32\windows.storage.dll
0x00007ffed0000000 - 0x00007ffed013e000 	C:\WINDOWS\SYSTEM32\wintypes.dll
0x00007ffed3f40000 - 0x00007ffed4031000 	C:\WINDOWS\System32\SHCORE.dll
0x00007ffed3760000 - 0x00007ffed37be000 	C:\WINDOWS\System32\shlwapi.dll
0x00007ffed2060000 - 0x00007ffed2081000 	C:\WINDOWS\SYSTEM32\profapi.dll
0x00007ffec28c0000 - 0x00007ffec28d9000 	C:\Program Files\Android\Android Studio\jbr\bin\net.dll
0x00007ffecb460000 - 0x00007ffecb597000 	C:\WINDOWS\SYSTEM32\WINHTTP.dll
0x00007ffed16e0000 - 0x00007ffed1749000 	C:\WINDOWS\system32\mswsock.dll
0x00007ffec23e0000 - 0x00007ffec23f6000 	C:\Program Files\Android\Android Studio\jbr\bin\nio.dll
0x00007ffecec30000 - 0x00007ffecec40000 	C:\Program Files\Android\Android Studio\jbr\bin\verify.dll

dbghelp: loaded successfully - version: 4.0.5 - missing functions: none
symbol engine: initialized successfully - sym options: 0x614 - pdb path: .;C:\Program Files\Android\Android Studio\jbr\bin;C:\WINDOWS\SYSTEM32;C:\WINDOWS\WinSxS\amd64_microsoft.windows.common-controls_6595b64144ccf1df_6.0.22621.1635_none_270f70857386168e;C:\Program Files\Android\Android Studio\jbr\bin\server

VM Arguments:
java_command: org.jetbrains.kotlin.cli.jvm.K2JVMCompiler @C:\Users\luutu\AndroidStudioProjects\FindWord\app\build\20230708_6123860671499791838.compiler.options
java_class_path (initial): C:\Users\luutu\.gradle\caches\modules-2\files-2.1\org.jetbrains.kotlin\kotlin-compiler-embeddable\1.8.20\78d9baa57f65babf9e0a93e51f62f26f5f35ac3e\kotlin-compiler-embeddable-1.8.20.jar;C:\Users\luutu\.gradle\caches\modules-2\files-2.1\org.jetbrains.kotlin\kotlin-stdlib\1.8.20\e72fc5e03ec6c064c678a6bd0d955c88d55b0c4a\kotlin-stdlib-1.8.20.jar;C:\Users\luutu\.gradle\caches\modules-2\files-2.1\org.jetbrains.kotlin\kotlin-script-runtime\1.8.20\c850771e723701f9d63dbcf641429c0f29290074\kotlin-script-runtime-1.8.20.jar;C:\Users\luutu\.gradle\caches\modules-2\files-2.1\org.jetbrains.kotlin\kotlin-reflect\1.6.10\1cbe9c92c12a94eea200d23c2bbaedaf3daf5132\kotlin-reflect-1.6.10.jar;C:\Users\luutu\.gradle\caches\modules-2\files-2.1\org.jetbrains.kotlin\kotlin-daemon-embeddable\1.8.20\c1b808fbe5fee60bd0504a54778120ef40f383d4\kotlin-daemon-embeddable-1.8.20.jar;C:\Users\luutu\.gradle\caches\modules-2\files-2.1\org.jetbrains.intellij.deps\trove4j\1.0.20200330\3afb14d5f9ceb459d724e907a21145e8ff394f02\trove4j-1.0.20200330.jar;C:\Users\luutu\.gradle\caches\modules-2\files-2.1\net.java.dev.jna\jna\5.6.0\330f2244e9030119ab3030fc3fededc86713d9cc\jna-5.6.0.jar;C:\Users\luutu\.gradle\caches\modules-2\files-2.1\org.jetbrains.kotlin\kotlin-stdlib-common\1.8.20\5eddaaf234c8c49d03eebeb6a14feb7f90faca71\kotlin-stdlib-common-1.8.20.jar;C:\Users\luutu\.gradle\caches\modules-2\files-2.1\org.jetbrains\annotations\13.0\919f0dfe192fb4e063e7dacadee7f8bb9a2672a9\annotations-13.0.jar
Launcher Type: SUN_STANDARD

[Global flags]
     intx CICompilerCount                          = 4                                         {product} {ergonomic}
     uint ConcGCThreads                            = 2                                         {product} {ergonomic}
     uint G1ConcRefinementThreads                  = 8                                         {product} {ergonomic}
   size_t G1HeapRegionSize                         = 2097152                                   {product} {ergonomic}
    uintx GCDrainStackTargetSize                   = 64                                        {product} {ergonomic}
   size_t InitialHeapSize                          = 266338304                                 {product} {ergonomic}
   size_t MarkStackSize                            = 4194304                                   {product} {ergonomic}
   size_t MaxHeapSize                              = 4255121408                                {product} {ergonomic}
   size_t MaxNewSize                               = 2552233984                                {product} {ergonomic}
   size_t MinHeapDeltaBytes                        = 2097152                                   {product} {ergonomic}
   size_t MinHeapSize                              = 8388608                                   {product} {ergonomic}
    uintx NonNMethodCodeHeapSize                   = 5839372                                {pd product} {ergonomic}
    uintx NonProfiledCodeHeapSize                  = 122909434                              {pd product} {ergonomic}
    uintx ProfiledCodeHeapSize                     = 122909434                              {pd product} {ergonomic}
    uintx ReservedCodeCacheSize                    = 251658240                              {pd product} {ergonomic}
     bool SegmentedCodeCache                       = true                                      {product} {ergonomic}
   size_t SoftMaxHeapSize                          = 4255121408                             {manageable} {ergonomic}
     bool UseCompressedClassPointers               = true                           {product lp64_product} {ergonomic}
     bool UseCompressedOops                        = true                           {product lp64_product} {ergonomic}
     bool UseG1GC                                  = true                                      {product} {ergonomic}
     bool UseLargePagesIndividualAllocation        = false                                  {pd product} {ergonomic}

Logging:
Log output configuration:
 #0: stdout all=warning uptime,level,tags
 #1: stderr all=off uptime,level,tags

Environment Variables:
PATH=C:\WINDOWS\system32;C:\WINDOWS;C:\WINDOWS\System32\Wbem;C:\WINDOWS\System32\WindowsPowerShell\v1.0\;C:\WINDOWS\System32\OpenSSH\;C:\Program Files\Git\cmd;C:\Program Files\Microsoft SQL Server\Client SDK\ODBC\170\Tools\Binn\;C:\Program Files (x86)\Microsoft SQL Server\150\Tools\Binn\;C:\Program Files\Microsoft SQL Server\150\Tools\Binn\;C:\Program Files\Microsoft SQL Server\150\DTS\Binn\;C:\Program Files (x86)\Microsoft SQL Server\160\DTS\Binn\;C:\Program Files\Azure Data Studio\bin;C:\Program Files\Cloudflare\Cloudflare WARP\;C:\Users\luutu\AppData\Local\Microsoft\WindowsApps;;C:\Program Files\Azure Data Studio\bin
USERNAME=luutu
OS=Windows_NT
PROCESSOR_IDENTIFIER=Intel64 Family 6 Model 142 Stepping 12, GenuineIntel
TMP=C:\Users\luutu\AppData\Local\Temp
TEMP=C:\Users\luutu\AppData\Local\Temp



---------------  S Y S T E M  ---------------

OS:
 Windows 11 , 64 bit Build 22621 (10.0.22621.1778)
OS uptime: 5 days 8:05 hours

CPU: total 8 (initial active 8) (4 cores per cpu, 2 threads per core) family 6 model 142 stepping 12 microcode 0xf4, cx8, cmov, fxsr, ht, mmx, 3dnowpref, sse, sse2, sse3, ssse3, sse4.1, sse4.2, popcnt, lzcnt, tsc, tscinvbit, avx, avx2, aes, erms, clmul, bmi1, bmi2, adx, fma, vzeroupper, clflush, clflushopt

Memory: 4k page, system-wide physical 16231M (1537M free)
TotalPageFile size 28731M (AvailPageFile size 15M)
current process WorkingSet (physical memory assigned to process): 353M, peak: 358M
current process commit charge ("private bytes"): 500M, peak: 586M

vm_info: OpenJDK 64-Bit Server VM (17.0.6+0-b2043.56-9586694) for windows-amd64 JRE (17.0.6+0-b2043.56-9586694), built on Feb  9 2023 20:06:20 by "androidbuild" with MS VC++ 16.10 / 16.11 (VS2019)

END.
