#
# There is insufficient memory for the Java Runtime Environment to continue.
# Native memory allocation (mmap) failed to map 130023424 bytes for G1 virtual space
# Possible reasons:
#   The system is out of physical RAM or swap space
#   The process is running with CompressedOops enabled, and the Java Heap may be blocking the growth of the native heap
# Possible solutions:
#   Reduce memory load on the system
#   Increase physical memory or swap space
#   Check if swap backing store is full
#   Decrease Java heap size (-Xmx/-Xms)
#   Decrease number of Java threads
#   Decrease Java thread stack sizes (-Xss)
#   Set larger code cache with -XX:ReservedCodeCacheSize=
#   JVM is running with Zero Based Compressed Oops mode in which the Java heap is
#     placed in the first 32GB address space. The Java Heap base address is the
#     maximum limit for the native heap growth. Please use -XX:HeapBaseMinAddress
#     to set the Java Heap base and to place the Java Heap above 32GB virtual address.
# This output file may be truncated or incomplete.
#
#  Out of Memory Error (os_windows.cpp:3769), pid=15628, tid=8184
#
# JRE version: OpenJDK Runtime Environment (17.0.6) (build 17.0.6+0-b2043.56-9586694)
# Java VM: OpenJDK 64-Bit Server VM (17.0.6+0-b2043.56-9586694, mixed mode, tiered, compressed oops, compressed class ptrs, g1 gc, windows-amd64)
# No core dump will be written. Minidumps are not enabled by default on client versions of Windows
#

---------------  S U M M A R Y ------------

Command Line: org.jetbrains.kotlin.cli.jvm.K2JVMCompiler @C:\Users\luutu\AndroidStudioProjects\FindWord\app\build\20230708_16367350646330388928.compiler.options

Host: Intel(R) Core(TM) i5-10210U CPU @ 1.60GHz, 8 cores, 15G,  Windows 11 , 64 bit Build 22621 (10.0.22621.1778)
Time: Sat Jul  8 22:55:49 2023 SE Asia Standard Time elapsed time: 11.842079 seconds (0d 0h 0m 11s)

---------------  T H R E A D  ---------------

Current thread (0x000001db59085970):  VMThread "VM Thread" [stack: 0x000000214be00000,0x000000214bf00000] [id=8184]

Stack: [0x000000214be00000,0x000000214bf00000]
Native frames: (J=compiled Java code, j=interpreted, Vv=VM code, C=native code)
V  [jvm.dll+0x683b4a]
V  [jvm.dll+0x842654]
V  [jvm.dll+0x843dfe]
V  [jvm.dll+0x844463]
V  [jvm.dll+0x249b75]
V  [jvm.dll+0x680a19]
V  [jvm.dll+0x674f0a]
V  [jvm.dll+0x309acb]
V  [jvm.dll+0x310f86]
V  [jvm.dll+0x3608ee]
V  [jvm.dll+0x360b1f]
V  [jvm.dll+0x2dfbf8]
V  [jvm.dll+0x2ddec4]
V  [jvm.dll+0x2dd4cc]
V  [jvm.dll+0x321f3b]
V  [jvm.dll+0x84893b]
V  [jvm.dll+0x849674]
V  [jvm.dll+0x849b8d]
V  [jvm.dll+0x849f64]
V  [jvm.dll+0x84a030]
V  [jvm.dll+0x7f25fa]
V  [jvm.dll+0x682985]
C  [ucrtbase.dll+0x29363]
C  [KERNEL32.DLL+0x126ad]
C  [ntdll.dll+0x5a9f8]

VM_Operation (0x000000214b8fcc70): G1CollectForAllocation, mode: safepoint, requested by thread 0x000001db37b66830


---------------  P R O C E S S  ---------------

Threads class SMR info:
_java_thread_list=0x000001db5a7f0bd0, length=14, elements={
0x000001db37b66830, 0x000001db590565a0, 0x000001db59056d60, 0x000001db590a5680,
0x000001db590a5e40, 0x000001db590aab30, 0x000001db590d8010, 0x000001db590dee40,
0x000001db590eb020, 0x000001db590eed80, 0x000001db5926cd20, 0x000001db5927b8b0,
0x000001db5928b3e0, 0x000001db5ce04ae0
}

Java Threads: ( => current thread )
  0x000001db37b66830 JavaThread "main" [_thread_blocked, id=7640, stack(0x000000214b800000,0x000000214b900000)]
  0x000001db590565a0 JavaThread "Reference Handler" daemon [_thread_blocked, id=16300, stack(0x000000214bf00000,0x000000214c000000)]
  0x000001db59056d60 JavaThread "Finalizer" daemon [_thread_blocked, id=16060, stack(0x000000214c000000,0x000000214c100000)]
  0x000001db590a5680 JavaThread "Signal Dispatcher" daemon [_thread_blocked, id=3800, stack(0x000000214c100000,0x000000214c200000)]
  0x000001db590a5e40 JavaThread "Attach Listener" daemon [_thread_blocked, id=2012, stack(0x000000214c200000,0x000000214c300000)]
  0x000001db590aab30 JavaThread "Service Thread" daemon [_thread_blocked, id=8724, stack(0x000000214c300000,0x000000214c400000)]
  0x000001db590d8010 JavaThread "Monitor Deflation Thread" daemon [_thread_blocked, id=16160, stack(0x000000214c400000,0x000000214c500000)]
  0x000001db590dee40 JavaThread "C2 CompilerThread0" daemon [_thread_blocked, id=7476, stack(0x000000214c500000,0x000000214c600000)]
  0x000001db590eb020 JavaThread "C1 CompilerThread0" daemon [_thread_blocked, id=3320, stack(0x000000214c600000,0x000000214c700000)]
  0x000001db590eed80 JavaThread "Sweeper thread" daemon [_thread_blocked, id=9252, stack(0x000000214c700000,0x000000214c800000)]
  0x000001db5926cd20 JavaThread "Notification Thread" daemon [_thread_blocked, id=3068, stack(0x000000214c800000,0x000000214c900000)]
  0x000001db5927b8b0 JavaThread "Common-Cleaner" daemon [_thread_blocked, id=15432, stack(0x000000214ca00000,0x000000214cb00000)]
  0x000001db5928b3e0 JavaThread "C2 CompilerThread1" daemon [_thread_blocked, id=14576, stack(0x000000214cb00000,0x000000214cc00000)]
  0x000001db5ce04ae0 JavaThread "C2 CompilerThread2" daemon [_thread_blocked, id=15380, stack(0x000000214d100000,0x000000214d200000)]

Other Threads:
=>0x000001db59085970 VMThread "VM Thread" [stack: 0x000000214be00000,0x000000214bf00000] [id=8184]
  0x000001db37bf1be0 WatcherThread [stack: 0x000000214c900000,0x000000214ca00000] [id=15676]
  0x000001db37bd54c0 GCTaskThread "GC Thread#0" [stack: 0x000000214b900000,0x000000214ba00000] [id=15940]
  0x000001db59816d70 GCTaskThread "GC Thread#1" [stack: 0x000000214cc00000,0x000000214cd00000] [id=4680]
  0x000001db594efe20 GCTaskThread "GC Thread#2" [stack: 0x000000214cd00000,0x000000214ce00000] [id=2700]
  0x000001db594f00d0 GCTaskThread "GC Thread#3" [stack: 0x000000214ce00000,0x000000214cf00000] [id=12572]
  0x000001db594f0380 GCTaskThread "GC Thread#4" [stack: 0x000000214cf00000,0x000000214d000000] [id=15248]
  0x000001db597897b0 GCTaskThread "GC Thread#5" [stack: 0x000000214d000000,0x000000214d100000] [id=13856]
  0x000001db5a646cb0 GCTaskThread "GC Thread#6" [stack: 0x000000214d200000,0x000000214d300000] [id=12084]
  0x000001db5a647770 GCTaskThread "GC Thread#7" [stack: 0x000000214d300000,0x000000214d400000] [id=15424]
  0x000001db37be62f0 ConcurrentGCThread "G1 Main Marker" [stack: 0x000000214ba00000,0x000000214bb00000] [id=16168]
  0x000001db37be6d00 ConcurrentGCThread "G1 Conc#0" [stack: 0x000000214bb00000,0x000000214bc00000] [id=8580]
  0x000001db5a646f60 ConcurrentGCThread "G1 Conc#1" [stack: 0x000000214d400000,0x000000214d500000] [id=16164]
  0x000001db37c28420 ConcurrentGCThread "G1 Refine#0" [stack: 0x000000214bc00000,0x000000214bd00000] [id=4388]
  0x000001db5d8c2de0 ConcurrentGCThread "G1 Refine#1" [stack: 0x000000214d500000,0x000000214d600000] [id=2904]
  0x000001db5d8c61a0 ConcurrentGCThread "G1 Refine#2" [stack: 0x000000214d600000,0x000000214d700000] [id=11704]
  0x000001db37c29810 ConcurrentGCThread "G1 Service" [stack: 0x000000214bd00000,0x000000214be00000] [id=7408]

Threads with active compile tasks:
C2 CompilerThread0    11860 11839       4       kotlin.collections.ArraysKt___ArraysKt::toCollection (45 bytes)
C1 CompilerThread0    11860 11862       3       java.util.IdentityHashMap::nextKeyIndex (15 bytes)
C2 CompilerThread1    11860 11854       4       org.jetbrains.kotlin.ir.types.IrTypePredicatesKt::isClassType (99 bytes)
C2 CompilerThread2    11860 11680       4       org.jetbrains.kotlin.load.kotlin.TypeSignatureMappingKt::mapBuiltInType (339 bytes)

VM state: at safepoint (normal execution)

VM Mutex/Monitor currently owned by a thread:  ([mutex/lock_event])
[0x000001db37b623b0] Threads_lock - owner thread: 0x000001db59085970
[0x000001db37b63640] Heap_lock - owner thread: 0x000001db37b66830

Heap address: 0x0000000702600000, size: 4058 MB, Compressed Oops mode: Zero based, Oop shift amount: 3

CDS archive(s) not mapped
Compressed class space mapped at: 0x0000000800000000-0x0000000840000000, reserved size: 1073741824
Narrow klass base: 0x0000000800000000, Narrow klass shift: 0, Narrow klass range: 0x40000000

GC Precious Log:
 CPUs: 8 total, 8 available
 Memory: 16231M
 Large Page Support: Disabled
 NUMA Support: Disabled
 Compressed Oops: Enabled (Zero based)
 Heap Region Size: 2M
 Heap Min Capacity: 8M
 Heap Initial Capacity: 254M
 Heap Max Capacity: 4058M
 Pre-touch: Disabled
 Parallel Workers: 8
 Concurrent Workers: 2
 Concurrent Refinement Workers: 8
 Periodic GC: Disabled

Heap:
 garbage-first heap   total 126976K, used 70957K [0x0000000702600000, 0x0000000800000000)
  region size 2048K, 1 young (2048K), 1 survivors (2048K)
 Metaspace       used 87175K, committed 87552K, reserved 1130496K
  class space    used 9902K, committed 10048K, reserved 1048576K

Heap Regions: E=young(eden), S=young(survivor), O=old, HS=humongous(starts), HC=humongous(continues), CS=collection set, F=free, OA=open archive, CA=closed archive, TAMS=top-at-mark-start (previous, next)
|   0|0x0000000702600000, 0x0000000702800000, 0x0000000702800000|100%|HS|  |TAMS 0x0000000702800000, 0x0000000702800000| Complete 
|   1|0x0000000702800000, 0x0000000702a00000, 0x0000000702a00000|100%|HC|  |TAMS 0x0000000702a00000, 0x0000000702a00000| Complete 
|   2|0x0000000702a00000, 0x0000000702c00000, 0x0000000702c00000|100%|HS|  |TAMS 0x0000000702c00000, 0x0000000702c00000| Complete 
|   3|0x0000000702c00000, 0x0000000702e00000, 0x0000000702e00000|100%|HC|  |TAMS 0x0000000702e00000, 0x0000000702e00000| Complete 
|   4|0x0000000702e00000, 0x0000000703000000, 0x0000000703000000|100%| O|  |TAMS 0x0000000703000000, 0x0000000703000000| Untracked 
|   5|0x0000000703000000, 0x0000000703200000, 0x0000000703200000|100%| O|  |TAMS 0x0000000703200000, 0x0000000703200000| Untracked 
|   6|0x0000000703200000, 0x0000000703400000, 0x0000000703400000|100%| O|  |TAMS 0x0000000703400000, 0x0000000703400000| Untracked 
|   7|0x0000000703400000, 0x0000000703600000, 0x0000000703600000|100%| O|  |TAMS 0x0000000703600000, 0x0000000703600000| Untracked 
|   8|0x0000000703600000, 0x0000000703600000, 0x0000000703800000|  0%| F|  |TAMS 0x0000000703600000, 0x0000000703600000| Untracked 
|   9|0x0000000703800000, 0x0000000703a00000, 0x0000000703a00000|100%|HS|  |TAMS 0x0000000703a00000, 0x0000000703a00000| Complete 
|  10|0x0000000703a00000, 0x0000000703c00000, 0x0000000703c00000|100%| O|  |TAMS 0x0000000703c00000, 0x0000000703c00000| Untracked 
|  11|0x0000000703c00000, 0x0000000703e00000, 0x0000000703e00000|100%| O|  |TAMS 0x0000000703e00000, 0x0000000703e00000| Untracked 
|  12|0x0000000703e00000, 0x0000000704000000, 0x0000000704000000|100%| O|  |TAMS 0x0000000704000000, 0x0000000704000000| Untracked 
|  13|0x0000000704000000, 0x0000000704200000, 0x0000000704200000|100%| O|  |TAMS 0x0000000704200000, 0x0000000704200000| Untracked 
|  14|0x0000000704200000, 0x0000000704400000, 0x0000000704400000|100%| O|  |TAMS 0x0000000704400000, 0x0000000704400000| Untracked 
|  15|0x0000000704400000, 0x0000000704600000, 0x0000000704600000|100%| O|  |TAMS 0x0000000704600000, 0x0000000704600000| Untracked 
|  16|0x0000000704600000, 0x0000000704800000, 0x0000000704800000|100%| O|  |TAMS 0x0000000704800000, 0x0000000704800000| Untracked 
|  17|0x0000000704800000, 0x0000000704a00000, 0x0000000704a00000|100%| O|  |TAMS 0x0000000704a00000, 0x0000000704a00000| Untracked 
|  18|0x0000000704a00000, 0x0000000704c00000, 0x0000000704c00000|100%| O|  |TAMS 0x0000000704c00000, 0x0000000704c00000| Untracked 
|  19|0x0000000704c00000, 0x0000000704e00000, 0x0000000704e00000|100%| O|  |TAMS 0x0000000704e00000, 0x0000000704e00000| Untracked 
|  20|0x0000000704e00000, 0x0000000705000000, 0x0000000705000000|100%| O|  |TAMS 0x0000000705000000, 0x0000000705000000| Untracked 
|  21|0x0000000705000000, 0x0000000705200000, 0x0000000705200000|100%| O|  |TAMS 0x0000000705200000, 0x0000000705200000| Untracked 
|  22|0x0000000705200000, 0x0000000705400000, 0x0000000705400000|100%| O|  |TAMS 0x0000000705400000, 0x0000000705400000| Untracked 
|  23|0x0000000705400000, 0x0000000705600000, 0x0000000705600000|100%| O|  |TAMS 0x0000000705600000, 0x0000000705600000| Untracked 
|  24|0x0000000705600000, 0x0000000705800000, 0x0000000705800000|100%| O|  |TAMS 0x0000000705800000, 0x0000000705800000| Untracked 
|  25|0x0000000705800000, 0x0000000705a00000, 0x0000000705a00000|100%| O|  |TAMS 0x0000000705a00000, 0x0000000705a00000| Untracked 
|  26|0x0000000705a00000, 0x0000000705c00000, 0x0000000705c00000|100%| O|  |TAMS 0x0000000705c00000, 0x0000000705c00000| Untracked 
|  27|0x0000000705c00000, 0x0000000705e00000, 0x0000000705e00000|100%| O|  |TAMS 0x0000000705e00000, 0x0000000705e00000| Untracked 
|  28|0x0000000705e00000, 0x0000000706000000, 0x0000000706000000|100%| O|  |TAMS 0x0000000706000000, 0x0000000706000000| Untracked 
|  29|0x0000000706000000, 0x0000000706200000, 0x0000000706200000|100%| O|  |TAMS 0x00000007060bac00, 0x0000000706200000| Untracked 
|  30|0x0000000706200000, 0x0000000706400000, 0x0000000706400000|100%| O|  |TAMS 0x0000000706200000, 0x0000000706400000| Untracked 
|  31|0x0000000706400000, 0x0000000706600000, 0x0000000706600000|100%| O|  |TAMS 0x0000000706400000, 0x0000000706600000| Untracked 
|  32|0x0000000706600000, 0x0000000706800000, 0x0000000706800000|100%| O|  |TAMS 0x0000000706600000, 0x0000000706800000| Untracked 
|  33|0x0000000706800000, 0x0000000706a00000, 0x0000000706a00000|100%| O|  |TAMS 0x0000000706800000, 0x0000000706a00000| Untracked 
|  34|0x0000000706a00000, 0x0000000706b7cc00, 0x0000000706c00000| 74%| O|  |TAMS 0x0000000706a00000, 0x0000000706b7cc00| Untracked 
|  35|0x0000000706c00000, 0x0000000706c00000, 0x0000000706e00000|  0%| F|  |TAMS 0x0000000706c00000, 0x0000000706c00000| Untracked 
|  36|0x0000000706e00000, 0x0000000706e00000, 0x0000000707000000|  0%| F|  |TAMS 0x0000000706e00000, 0x0000000706e00000| Untracked 
|  37|0x0000000707000000, 0x0000000707000000, 0x0000000707200000|  0%| F|  |TAMS 0x0000000707000000, 0x0000000707000000| Untracked 
|  38|0x0000000707200000, 0x0000000707200000, 0x0000000707400000|  0%| F|  |TAMS 0x0000000707200000, 0x0000000707200000| Untracked 
|  39|0x0000000707400000, 0x0000000707400000, 0x0000000707600000|  0%| F|  |TAMS 0x0000000707400000, 0x0000000707400000| Untracked 
|  40|0x0000000707600000, 0x0000000707600000, 0x0000000707800000|  0%| F|  |TAMS 0x0000000707600000, 0x0000000707600000| Untracked 
|  41|0x0000000707800000, 0x0000000707800000, 0x0000000707a00000|  0%| F|  |TAMS 0x0000000707800000, 0x0000000707800000| Untracked 
|  42|0x0000000707a00000, 0x0000000707a00000, 0x0000000707c00000|  0%| F|  |TAMS 0x0000000707a00000, 0x0000000707a00000| Untracked 
|  43|0x0000000707c00000, 0x0000000707c00000, 0x0000000707e00000|  0%| F|  |TAMS 0x0000000707c00000, 0x0000000707c00000| Untracked 
|  44|0x0000000707e00000, 0x0000000707e00000, 0x0000000708000000|  0%| F|  |TAMS 0x0000000707e00000, 0x0000000707e00000| Untracked 
|  45|0x0000000708000000, 0x0000000708000000, 0x0000000708200000|  0%| F|  |TAMS 0x0000000708000000, 0x0000000708000000| Untracked 
|  46|0x0000000708200000, 0x00000007083ceb70, 0x0000000708400000| 90%| S|CS|TAMS 0x0000000708200000, 0x0000000708200000| Complete 
|  47|0x0000000708400000, 0x0000000708400000, 0x0000000708600000|  0%| F|  |TAMS 0x0000000708400000, 0x0000000708400000| Untracked 
|  48|0x0000000708600000, 0x0000000708600000, 0x0000000708800000|  0%| F|  |TAMS 0x0000000708600000, 0x0000000708600000| Untracked 
|  49|0x0000000708800000, 0x0000000708800000, 0x0000000708a00000|  0%| F|  |TAMS 0x0000000708800000, 0x0000000708800000| Untracked 
|  50|0x0000000708a00000, 0x0000000708a00000, 0x0000000708c00000|  0%| F|  |TAMS 0x0000000708a00000, 0x0000000708a00000| Untracked 
|  51|0x0000000708c00000, 0x0000000708c00000, 0x0000000708e00000|  0%| F|  |TAMS 0x0000000708c00000, 0x0000000708c00000| Untracked 
|  52|0x0000000708e00000, 0x0000000708e00000, 0x0000000709000000|  0%| F|  |TAMS 0x0000000708e00000, 0x0000000708e00000| Untracked 
|  53|0x0000000709000000, 0x0000000709000000, 0x0000000709200000|  0%| F|  |TAMS 0x0000000709000000, 0x0000000709000000| Untracked 
|  54|0x0000000709200000, 0x0000000709200000, 0x0000000709400000|  0%| F|  |TAMS 0x0000000709200000, 0x0000000709200000| Untracked 
|  55|0x0000000709400000, 0x0000000709400000, 0x0000000709600000|  0%| F|  |TAMS 0x0000000709400000, 0x0000000709400000| Untracked 
|  56|0x0000000709600000, 0x0000000709600000, 0x0000000709800000|  0%| F|  |TAMS 0x0000000709600000, 0x0000000709600000| Untracked 
|  57|0x0000000709800000, 0x0000000709800000, 0x0000000709a00000|  0%| F|  |TAMS 0x0000000709800000, 0x0000000709800000| Untracked 
|  58|0x0000000709a00000, 0x0000000709a00000, 0x0000000709c00000|  0%| F|  |TAMS 0x0000000709a00000, 0x0000000709a00000| Untracked 
|  59|0x0000000709c00000, 0x0000000709c00000, 0x0000000709e00000|  0%| F|  |TAMS 0x0000000709c00000, 0x0000000709c00000| Untracked 
|  60|0x0000000709e00000, 0x0000000709e00000, 0x000000070a000000|  0%| F|  |TAMS 0x0000000709e00000, 0x0000000709e00000| Untracked 
| 126|0x0000000712200000, 0x0000000712200000, 0x0000000712400000|  0%| F|  |TAMS 0x0000000712200000, 0x0000000712200000| Untracked 

Card table byte_map: [0x000001db4ca70000,0x000001db4d260000] _byte_map_base: 0x000001db4925d000

Marking Bits (Prev, Next): (CMBitMap*) 0x000001db37bd5b10, (CMBitMap*) 0x000001db37bd5ad0
 Prev Bits: [0x000001db519c0000, 0x000001db55928000)
 Next Bits: [0x000001db4da50000, 0x000001db519b8000)

Polling page: 0x000001db37c30000

Metaspace:

Usage:
  Non-class:     75.46 MB used.
      Class:      9.67 MB used.
       Both:     85.13 MB used.

Virtual space:
  Non-class space:       80.00 MB reserved,      75.69 MB ( 95%) committed,  10 nodes.
      Class space:        1.00 GB reserved,       9.81 MB ( <1%) committed,  1 nodes.
             Both:        1.08 GB reserved,      85.50 MB (  8%) committed. 

Chunk freelists:
   Non-Class:  3.92 MB
       Class:  2.16 MB
        Both:  6.08 MB

MaxMetaspaceSize: unlimited
CompressedClassSpaceSize: 1.00 GB
Initial GC threshold: 21.00 MB
Current GC threshold: 130.25 MB
CDS: off
MetaspaceReclaimPolicy: balanced
 - commit_granule_bytes: 65536.
 - commit_granule_words: 8192.
 - virtual_space_node_default_size: 1048576.
 - enlarge_chunks_in_place: 1.
 - new_chunks_are_fully_committed: 0.
 - uncommit_free_chunks: 1.
 - use_allocation_guard: 0.
 - handle_deallocations: 1.


Internal statistics:

num_allocs_failed_limit: 6.
num_arena_births: 368.
num_arena_deaths: 0.
num_vsnodes_births: 11.
num_vsnodes_deaths: 0.
num_space_committed: 1366.
num_space_uncommitted: 0.
num_chunks_returned_to_freelist: 6.
num_chunks_taken_from_freelist: 3125.
num_chunk_merges: 6.
num_chunk_splits: 2568.
num_chunks_enlarged: 2285.
num_purges: 0.
num_inconsistent_stats: 0.

CodeHeap 'non-profiled nmethods': size=120000Kb used=5219Kb max_used=5399Kb free=114780Kb
 bounds [0x000001db442f0000, 0x000001db44840000, 0x000001db4b820000]
CodeHeap 'profiled nmethods': size=120000Kb used=26482Kb max_used=27870Kb free=93517Kb
 bounds [0x000001db3c820000, 0x000001db3e380000, 0x000001db43d50000]
CodeHeap 'non-nmethods': size=5760Kb used=1419Kb max_used=1508Kb free=4340Kb
 bounds [0x000001db43d50000, 0x000001db43fc0000, 0x000001db442f0000]
 total_blobs=10711 nmethods=9953 adapters=666
 compilation: enabled
              stopped_count=0, restarted_count=0
 full_count=0

Compilation events (20 events):
Event: 11.815 Thread 0x000001db590eb020 11852       1       org.jetbrains.kotlin.ir.expressions.impl.IrVarargImpl::getElements (5 bytes)
Event: 11.816 Thread 0x000001db590eb020 nmethod 11852 0x000001db44615a90 code [0x000001db44615c20, 0x000001db44615cf8]
Event: 11.816 Thread 0x000001db590eb020 11853       3       java.util.ArrayList::equalsArrayList (108 bytes)
Event: 11.817 Thread 0x000001db590eb020 nmethod 11853 0x000001db3d495a90 code [0x000001db3d495ca0, 0x000001db3d4964c8]
Event: 11.817 Thread 0x000001db5928b3e0 11854       4       org.jetbrains.kotlin.ir.types.IrTypePredicatesKt::isClassType (99 bytes)
Event: 11.818 Thread 0x000001db590eb020 11855       3       org.jetbrains.org.objectweb.asm.tree.LabelNode::resetLabel (6 bytes)
Event: 11.818 Thread 0x000001db590eb020 nmethod 11855 0x000001db3d0e7e10 code [0x000001db3d0e7fa0, 0x000001db3d0e80d8]
Event: 11.819 Thread 0x000001db590eb020 11856       3       org.jetbrains.kotlin.utils.SmartIdentityTable::<init> (37 bytes)
Event: 11.820 Thread 0x000001db590eb020 nmethod 11856 0x000001db3d0c7690 code [0x000001db3d0c7860, 0x000001db3d0c7bd8]
Event: 11.820 Thread 0x000001db590eb020 11857       3       org.jetbrains.org.objectweb.asm.tree.LocalVariableNode::<init> (38 bytes)
Event: 11.820 Thread 0x000001db590eb020 nmethod 11857 0x000001db3d0c7090 code [0x000001db3d0c7240, 0x000001db3d0c75b8]
Event: 11.821 Thread 0x000001db590eb020 11858       3       org.jetbrains.org.objectweb.asm.tree.LocalVariableNode::accept (35 bytes)
Event: 11.821 Thread 0x000001db590eb020 nmethod 11858 0x000001db3d196b10 code [0x000001db3d196d00, 0x000001db3d1973c8]
Event: 11.821 Thread 0x000001db590eb020 11859       3       org.jetbrains.org.objectweb.asm.tree.MethodNode::visitLineNumber (21 bytes)
Event: 11.822 Thread 0x000001db590eb020 nmethod 11859 0x000001db3d129e10 code [0x000001db3d12a020, 0x000001db3d12a828]
Event: 11.822 Thread 0x000001db590eb020 11860       3       org.jetbrains.org.objectweb.asm.tree.InsnList::accept (23 bytes)
Event: 11.822 Thread 0x000001db590eb020 nmethod 11860 0x000001db3d0c6a90 code [0x000001db3d0c6c40, 0x000001db3d0c6ee8]
Event: 11.822 Thread 0x000001db590eb020 11861       3       java.util.IdentityHashMap::get (60 bytes)
Event: 11.823 Thread 0x000001db590eb020 nmethod 11861 0x000001db3daf1810 code [0x000001db3daf19e0, 0x000001db3daf1e68]
Event: 11.823 Thread 0x000001db590eb020 11862       3       java.util.IdentityHashMap::nextKeyIndex (15 bytes)

GC Heap History (20 events):
Event: 3.142 GC heap after
{Heap after GC invocations=13 (full 0):
 garbage-first heap   total 102400K, used 30012K [0x0000000702600000, 0x0000000800000000)
  region size 2048K, 3 young (6144K), 3 survivors (6144K)
 Metaspace       used 48247K, committed 48512K, reserved 1097728K
  class space    used 5802K, committed 5888K, reserved 1048576K
}
Event: 4.102 GC heap before
{Heap before GC invocations=13 (full 0):
 garbage-first heap   total 102400K, used 75068K [0x0000000702600000, 0x0000000800000000)
  region size 2048K, 24 young (49152K), 3 survivors (6144K)
 Metaspace       used 55744K, committed 56064K, reserved 1105920K
  class space    used 6638K, committed 6784K, reserved 1048576K
}
Event: 4.125 GC heap after
{Heap after GC invocations=14 (full 0):
 garbage-first heap   total 102400K, used 39299K [0x0000000702600000, 0x0000000800000000)
  region size 2048K, 3 young (6144K), 3 survivors (6144K)
 Metaspace       used 55744K, committed 56064K, reserved 1105920K
  class space    used 6638K, committed 6784K, reserved 1048576K
}
Event: 5.282 GC heap before
{Heap before GC invocations=14 (full 0):
 garbage-first heap   total 102400K, used 74115K [0x0000000702600000, 0x0000000800000000)
  region size 2048K, 20 young (40960K), 3 survivors (6144K)
 Metaspace       used 56796K, committed 57024K, reserved 1105920K
  class space    used 6664K, committed 6784K, reserved 1048576K
}
Event: 5.310 GC heap after
{Heap after GC invocations=15 (full 0):
 garbage-first heap   total 102400K, used 46337K [0x0000000702600000, 0x0000000800000000)
  region size 2048K, 3 young (6144K), 3 survivors (6144K)
 Metaspace       used 56796K, committed 57024K, reserved 1105920K
  class space    used 6664K, committed 6784K, reserved 1048576K
}
Event: 5.807 GC heap before
{Heap before GC invocations=15 (full 0):
 garbage-first heap   total 102400K, used 75009K [0x0000000702600000, 0x0000000800000000)
  region size 2048K, 17 young (34816K), 3 survivors (6144K)
 Metaspace       used 58755K, committed 59072K, reserved 1105920K
  class space    used 6900K, committed 7040K, reserved 1048576K
}
Event: 5.832 GC heap after
{Heap after GC invocations=16 (full 0):
 garbage-first heap   total 102400K, used 49869K [0x0000000702600000, 0x0000000800000000)
  region size 2048K, 2 young (4096K), 2 survivors (4096K)
 Metaspace       used 58755K, committed 59072K, reserved 1105920K
  class space    used 6900K, committed 7040K, reserved 1048576K
}
Event: 7.099 GC heap before
{Heap before GC invocations=16 (full 0):
 garbage-first heap   total 102400K, used 76493K [0x0000000702600000, 0x0000000800000000)
  region size 2048K, 15 young (30720K), 2 survivors (4096K)
 Metaspace       used 63719K, committed 64064K, reserved 1105920K
  class space    used 7603K, committed 7744K, reserved 1048576K
}
Event: 7.112 GC heap after
{Heap after GC invocations=17 (full 0):
 garbage-first heap   total 126976K, used 52395K [0x0000000702600000, 0x0000000800000000)
  region size 2048K, 2 young (4096K), 2 survivors (4096K)
 Metaspace       used 63719K, committed 64064K, reserved 1105920K
  class space    used 7603K, committed 7744K, reserved 1048576K
}
Event: 8.426 GC heap before
{Heap before GC invocations=18 (full 0):
 garbage-first heap   total 126976K, used 93355K [0x0000000702600000, 0x0000000800000000)
  region size 2048K, 22 young (45056K), 2 survivors (4096K)
 Metaspace       used 66671K, committed 66944K, reserved 1114112K
  class space    used 7870K, committed 8000K, reserved 1048576K
}
Event: 8.450 GC heap after
{Heap after GC invocations=19 (full 0):
 garbage-first heap   total 126976K, used 58411K [0x0000000702600000, 0x0000000800000000)
  region size 2048K, 3 young (6144K), 3 survivors (6144K)
 Metaspace       used 66671K, committed 66944K, reserved 1114112K
  class space    used 7870K, committed 8000K, reserved 1048576K
}
Event: 9.506 GC heap before
{Heap before GC invocations=19 (full 0):
 garbage-first heap   total 126976K, used 95275K [0x0000000702600000, 0x0000000800000000)
  region size 2048K, 21 young (43008K), 3 survivors (6144K)
 Metaspace       used 72871K, committed 73216K, reserved 1114112K
  class space    used 8491K, committed 8640K, reserved 1048576K
}
Event: 9.521 GC heap after
{Heap after GC invocations=20 (full 0):
 garbage-first heap   total 126976K, used 62125K [0x0000000702600000, 0x0000000800000000)
  region size 2048K, 2 young (4096K), 2 survivors (4096K)
 Metaspace       used 72871K, committed 73216K, reserved 1114112K
  class space    used 8491K, committed 8640K, reserved 1048576K
}
Event: 10.264 GC heap before
{Heap before GC invocations=20 (full 0):
 garbage-first heap   total 126976K, used 96941K [0x0000000702600000, 0x0000000800000000)
  region size 2048K, 19 young (38912K), 2 survivors (4096K)
 Metaspace       used 79254K, committed 79552K, reserved 1122304K
  class space    used 9173K, committed 9280K, reserved 1048576K
}
Event: 10.278 GC heap after
{Heap after GC invocations=21 (full 0):
 garbage-first heap   total 126976K, used 64635K [0x0000000702600000, 0x0000000800000000)
  region size 2048K, 3 young (6144K), 3 survivors (6144K)
 Metaspace       used 79254K, committed 79552K, reserved 1122304K
  class space    used 9173K, committed 9280K, reserved 1048576K
}
Event: 10.961 GC heap before
{Heap before GC invocations=22 (full 0):
 garbage-first heap   total 126976K, used 97403K [0x0000000702600000, 0x0000000800000000)
  region size 2048K, 19 young (38912K), 3 survivors (6144K)
 Metaspace       used 82526K, committed 82816K, reserved 1122304K
  class space    used 9513K, committed 9664K, reserved 1048576K
}
Event: 10.986 GC heap after
{Heap after GC invocations=23 (full 0):
 garbage-first heap   total 126976K, used 69416K [0x0000000702600000, 0x0000000800000000)
  region size 2048K, 3 young (6144K), 3 survivors (6144K)
 Metaspace       used 82526K, committed 82816K, reserved 1122304K
  class space    used 9513K, committed 9664K, reserved 1048576K
}
Event: 11.009 GC heap before
{Heap before GC invocations=23 (full 0):
 garbage-first heap   total 126976K, used 71464K [0x0000000702600000, 0x0000000800000000)
  region size 2048K, 4 young (8192K), 3 survivors (6144K)
 Metaspace       used 82532K, committed 82816K, reserved 1122304K
  class space    used 9513K, committed 9664K, reserved 1048576K
}
Event: 11.027 GC heap after
{Heap after GC invocations=24 (full 0):
 garbage-first heap   total 126976K, used 70296K [0x0000000702600000, 0x0000000800000000)
  region size 2048K, 1 young (2048K), 1 survivors (2048K)
 Metaspace       used 82532K, committed 82816K, reserved 1122304K
  class space    used 9513K, committed 9664K, reserved 1048576K
}
Event: 11.823 GC heap before
{Heap before GC invocations=24 (full 0):
 garbage-first heap   total 126976K, used 98968K [0x0000000702600000, 0x0000000800000000)
  region size 2048K, 15 young (30720K), 1 survivors (2048K)
 Metaspace       used 87175K, committed 87552K, reserved 1130496K
  class space    used 9902K, committed 10048K, reserved 1048576K
}

Dll operation events (2 events):
Event: 0.007 Loaded shared library C:\Program Files\Android\Android Studio\jbr\bin\java.dll
Event: 0.918 Loaded shared library C:\Program Files\Android\Android Studio\jbr\bin\verify.dll

Deoptimization events (20 events):
Event: 11.726 Thread 0x000001db37b66830 Uncommon trap: trap_request=0xffffff45 fr.pc=0x000001db443348f8 relative=0x0000000000000d38
Event: 11.726 Thread 0x000001db37b66830 Uncommon trap: reason=unstable_if action=reinterpret pc=0x000001db443348f8 method=org.jetbrains.kotlin.metadata.ProtoBuf$Type.getSerializedSize()I @ 108 c2
Event: 11.726 Thread 0x000001db37b66830 DEOPT PACKING pc=0x000001db443348f8 sp=0x000000214b8fd580
Event: 11.726 Thread 0x000001db37b66830 DEOPT UNPACKING pc=0x000001db43da69a3 sp=0x000000214b8fd540 mode 2
Event: 11.736 Thread 0x000001db37b66830 Uncommon trap: trap_request=0xffffff45 fr.pc=0x000001db446b58d0 relative=0x0000000000002730
Event: 11.736 Thread 0x000001db37b66830 Uncommon trap: reason=unstable_if action=reinterpret pc=0x000001db446b58d0 method=org.jetbrains.kotlin.builtins.functions.FunctionClassKind$Companion.parseClassName(Ljava/lang/String;Lorg/jetbrains/kotlin/name/FqName;)Lorg/jetbrains/kotlin/builtins/functi
Event: 11.736 Thread 0x000001db37b66830 DEOPT PACKING pc=0x000001db446b58d0 sp=0x000000214b8fcf50
Event: 11.736 Thread 0x000001db37b66830 DEOPT UNPACKING pc=0x000001db43da69a3 sp=0x000000214b8fcde8 mode 2
Event: 11.740 Thread 0x000001db37b66830 Uncommon trap: trap_request=0xffffffde fr.pc=0x000001db445b6570 relative=0x00000000000000d0
Event: 11.740 Thread 0x000001db37b66830 Uncommon trap: reason=class_check action=maybe_recompile pc=0x000001db445b6570 method=org.jetbrains.kotlin.ir.symbols.impl.IrSymbolBase.getDescriptor()Lorg/jetbrains/kotlin/descriptors/DeclarationDescriptor; @ 19 c2
Event: 11.740 Thread 0x000001db37b66830 DEOPT PACKING pc=0x000001db445b6570 sp=0x000000214b8fd620
Event: 11.740 Thread 0x000001db37b66830 DEOPT UNPACKING pc=0x000001db43da69a3 sp=0x000000214b8fd5c0 mode 2
Event: 11.740 Thread 0x000001db37b66830 Uncommon trap: trap_request=0xffffffde fr.pc=0x000001db445b6570 relative=0x00000000000000d0
Event: 11.740 Thread 0x000001db37b66830 Uncommon trap: reason=class_check action=maybe_recompile pc=0x000001db445b6570 method=org.jetbrains.kotlin.ir.symbols.impl.IrSymbolBase.getDescriptor()Lorg/jetbrains/kotlin/descriptors/DeclarationDescriptor; @ 19 c2
Event: 11.740 Thread 0x000001db37b66830 DEOPT PACKING pc=0x000001db445b6570 sp=0x000000214b8fda70
Event: 11.740 Thread 0x000001db37b66830 DEOPT UNPACKING pc=0x000001db43da69a3 sp=0x000000214b8fda10 mode 2
Event: 11.753 Thread 0x000001db37b66830 Uncommon trap: trap_request=0xffffff45 fr.pc=0x000001db44399330 relative=0x00000000000001f0
Event: 11.753 Thread 0x000001db37b66830 Uncommon trap: reason=unstable_if action=reinterpret pc=0x000001db44399330 method=java.util.HashMap.hash(Ljava/lang/Object;)I @ 1 c2
Event: 11.753 Thread 0x000001db37b66830 DEOPT PACKING pc=0x000001db44399330 sp=0x000000214b8fcb70
Event: 11.753 Thread 0x000001db37b66830 DEOPT UNPACKING pc=0x000001db43da69a3 sp=0x000000214b8fca40 mode 2

Classes unloaded (0 events):
No events

Classes redefined (0 events):
No events

Internal exceptions (20 events):
Event: 6.680 Thread 0x000001db37b66830 Implicit null exception at 0x000001db4430b6f2 to 0x000001db4430bd4c
Event: 7.040 Thread 0x000001db37b66830 Exception <a 'java/lang/NoSuchMethodError'{0x00000007070ccb88}: 'java.lang.Object java.lang.invoke.DirectMethodHandle$Holder.newInvokeSpecial(java.lang.Object, java.lang.Object, java.lang.Object, java.lang.Object, java.lang.Object, java.lang.Object, java.lang.Object)'> (0x00000007070ccb88) 
thrown [s\src\hotspot\share\interpreter\linkResolver.cpp, line 771]
Event: 7.040 Thread 0x000001db37b66830 Exception <a 'java/lang/NoSuchMethodError'{0x00000007070d1740}: 'java.lang.Object java.lang.invoke.Invokers$Holder.linkToTargetMethod(java.lang.Object, java.lang.Object, java.lang.Object, java.lang.Object, java.lang.Object, java.lang.Object, java.lang.Object)'> (0x00000007070d1740) 
thrown [s\src\hotspot\share\interpreter\linkResolver.cpp, line 771]
Event: 7.453 Thread 0x000001db37b66830 Implicit null exception at 0x000001db44356160 to 0x000001db443561fa
Event: 8.176 Thread 0x000001db37b66830 Implicit null exception at 0x000001db446c7d6e to 0x000001db446c8580
Event: 8.501 Thread 0x000001db37b66830 Exception <a 'java/lang/NoSuchMethodError'{0x0000000709eb8a88}: 'void java.lang.invoke.DirectMethodHandle$Holder.invokeStatic(java.lang.Object, java.lang.Object, java.lang.Object)'> (0x0000000709eb8a88) 
thrown [s\src\hotspot\share\interpreter\linkResolver.cpp, line 771]
Event: 8.715 Thread 0x000001db37b66830 Implicit null exception at 0x000001db4438a36f to 0x000001db4438a554
Event: 8.841 Thread 0x000001db37b66830 Implicit null exception at 0x000001db445bb9d6 to 0x000001db445bbcb4
Event: 8.998 Thread 0x000001db37b66830 Exception <a 'java/lang/NoSuchMethodError'{0x000000070934e6a0}: 'java.lang.Object java.lang.invoke.DirectMethodHandle$Holder.invokeStaticInit(java.lang.Object, java.lang.Object, java.lang.Object, java.lang.Object)'> (0x000000070934e6a0) 
thrown [s\src\hotspot\share\interpreter\linkResolver.cpp, line 771]
Event: 9.369 Thread 0x000001db37b66830 Exception <a 'java/lang/NoSuchMethodError'{0x000000070811d5d8}: 'java.lang.Object java.lang.invoke.DirectMethodHandle$Holder.newInvokeSpecial(java.lang.Object, int, java.lang.Object, java.lang.Object)'> (0x000000070811d5d8) 
thrown [s\src\hotspot\share\interpreter\linkResolver.cpp, line 771]
Event: 9.403 Thread 0x000001db37b66830 Exception <a 'java/lang/NoSuchMethodError'{0x00000007081f46b8}: 'java.lang.Object java.lang.invoke.DirectMethodHandle$Holder.invokeSpecial(java.lang.Object, java.lang.Object, int, int, java.lang.Object, java.lang.Object, java.lang.Object, java.lang.Object, java.lang.Object)'> (0x00000007081f46b8) 
thrown [s\src\hotspot\share\interpreter\linkResolver.cpp, line 771]
Event: 9.416 Thread 0x000001db37b66830 Implicit null exception at 0x000001db4435bd70 to 0x000001db4435bfd0
Event: 9.463 Thread 0x000001db37b66830 Exception <a 'java/lang/NoSuchMethodError'{0x0000000707edad50}: 'java.lang.Object java.lang.invoke.DirectMethodHandle$Holder.invokeStatic(java.lang.Object, java.lang.Object, java.lang.Object, int, int, java.lang.Object, java.lang.Object, java.lang.Object, java.lang.Object)'> (0x0000000707edad50) 
thrown [s\src\hotspot\share\interpreter\linkResolver.cpp, line 771]
Event: 9.464 Thread 0x000001db37b66830 Exception <a 'java/lang/NoSuchMethodError'{0x0000000707ee5018}: 'java.lang.Object java.lang.invoke.DirectMethodHandle$Holder.newInvokeSpecial(java.lang.Object, java.lang.Object, java.lang.Object, int, int, java.lang.Object)'> (0x0000000707ee5018) 
thrown [s\src\hotspot\share\interpreter\linkResolver.cpp, line 771]
Event: 9.464 Thread 0x000001db37b66830 Exception <a 'java/lang/NoSuchMethodError'{0x0000000707eec9b8}: 'java.lang.Object java.lang.invoke.Invokers$Holder.linkToTargetMethod(java.lang.Object, java.lang.Object, int, int, java.lang.Object, java.lang.Object)'> (0x0000000707eec9b8) 
thrown [s\src\hotspot\share\interpreter\linkResolver.cpp, line 771]
Event: 9.476 Thread 0x000001db37b66830 Exception <a 'java/lang/NoSuchMethodError'{0x0000000707f3f058}: 'java.lang.Object java.lang.invoke.DirectMethodHandle$Holder.newInvokeSpecial(java.lang.Object, java.lang.Object, java.lang.Object, int, int)'> (0x0000000707f3f058) 
thrown [s\src\hotspot\share\interpreter\linkResolver.cpp, line 771]
Event: 9.477 Thread 0x000001db37b66830 Exception <a 'java/lang/NoSuchMethodError'{0x0000000707f42e98}: 'java.lang.Object java.lang.invoke.DirectMethodHandle$Holder.invokeSpecial(java.lang.Object, java.lang.Object, java.lang.Object, java.lang.Object, int, int)'> (0x0000000707f42e98) 
thrown [s\src\hotspot\share\interpreter\linkResolver.cpp, line 771]
Event: 9.477 Thread 0x000001db37b66830 Exception <a 'java/lang/NoSuchMethodError'{0x0000000707f468d8}: 'java.lang.Object java.lang.invoke.Invokers$Holder.linkToTargetMethod(java.lang.Object, java.lang.Object, int, int, java.lang.Object)'> (0x0000000707f468d8) 
thrown [s\src\hotspot\share\interpreter\linkResolver.cpp, line 771]
Event: 11.736 Thread 0x000001db37b66830 Implicit null exception at 0x000001db446b43c4 to 0x000001db446b58b8
Event: 11.753 Thread 0x000001db37b66830 Implicit null exception at 0x000001db44399220 to 0x000001db44399318

VM Operations (20 events):
Event: 11.341 Executing VM operation: HandshakeAllThreads done
Event: 11.502 Executing VM operation: HandshakeAllThreads
Event: 11.502 Executing VM operation: HandshakeAllThreads done
Event: 11.502 Executing VM operation: HandshakeAllThreads
Event: 11.502 Executing VM operation: HandshakeAllThreads done
Event: 11.515 Executing VM operation: HandshakeAllThreads
Event: 11.515 Executing VM operation: HandshakeAllThreads done
Event: 11.540 Executing VM operation: HandshakeAllThreads
Event: 11.540 Executing VM operation: HandshakeAllThreads done
Event: 11.575 Executing VM operation: HandshakeAllThreads
Event: 11.575 Executing VM operation: HandshakeAllThreads done
Event: 11.622 Executing VM operation: HandshakeAllThreads
Event: 11.622 Executing VM operation: HandshakeAllThreads done
Event: 11.654 Executing VM operation: ICBufferFull
Event: 11.655 Executing VM operation: ICBufferFull done
Event: 11.792 Executing VM operation: HandshakeAllThreads
Event: 11.792 Executing VM operation: HandshakeAllThreads done
Event: 11.796 Executing VM operation: ICBufferFull
Event: 11.797 Executing VM operation: ICBufferFull done
Event: 11.823 Executing VM operation: G1CollectForAllocation

Events (20 events):
Event: 11.598 Thread 0x000001db590eed80 flushing nmethod 0x000001db3e0e3490
Event: 11.598 Thread 0x000001db590eed80 flushing nmethod 0x000001db3e0e6b90
Event: 11.598 Thread 0x000001db590eed80 flushing nmethod 0x000001db3e0ea610
Event: 11.599 Thread 0x000001db590eed80 flushing nmethod 0x000001db3e136010
Event: 11.599 Thread 0x000001db590eed80 flushing nmethod 0x000001db3e14a790
Event: 11.599 Thread 0x000001db590eed80 flushing nmethod 0x000001db3e151090
Event: 11.599 Thread 0x000001db590eed80 flushing nmethod 0x000001db3e17b210
Event: 11.599 Thread 0x000001db590eed80 flushing nmethod 0x000001db3e17c490
Event: 11.599 Thread 0x000001db590eed80 flushing nmethod 0x000001db3e17dd90
Event: 11.599 Thread 0x000001db590eed80 flushing nmethod 0x000001db3e198c10
Event: 11.599 Thread 0x000001db590eed80 flushing nmethod 0x000001db3e1b7510
Event: 11.599 Thread 0x000001db590eed80 flushing nmethod 0x000001db3e259210
Event: 11.599 Thread 0x000001db590eed80 flushing nmethod 0x000001db3e26b810
Event: 11.599 Thread 0x000001db590eed80 flushing nmethod 0x000001db3e271f10
Event: 11.599 Thread 0x000001db590eed80 flushing nmethod 0x000001db3e274990
Event: 11.599 Thread 0x000001db590eed80 flushing nmethod 0x000001db3e276b90
Event: 11.599 Thread 0x000001db590eed80 flushing nmethod 0x000001db3e277090
Event: 11.599 Thread 0x000001db590eed80 flushing nmethod 0x000001db3e28a590
Event: 11.599 Thread 0x000001db590eed80 flushing nmethod 0x000001db3e28ed10
Event: 11.599 Thread 0x000001db590eed80 flushing nmethod 0x000001db3e2b5a90


Dynamic libraries:
0x00007ff7315b0000 - 0x00007ff7315ba000 	C:\Program Files\Android\Android Studio\jbr\bin\java.exe
0x00007ffed4d30000 - 0x00007ffed4f44000 	C:\WINDOWS\SYSTEM32\ntdll.dll
0x00007ffed2d50000 - 0x00007ffed2e12000 	C:\WINDOWS\System32\KERNEL32.DLL
0x00007ffed26e0000 - 0x00007ffed2a83000 	C:\WINDOWS\System32\KERNELBASE.dll
0x00007ffed2430000 - 0x00007ffed2541000 	C:\WINDOWS\System32\ucrtbase.dll
0x00007ffec0cb0000 - 0x00007ffec0cc7000 	C:\Program Files\Android\Android Studio\jbr\bin\jli.dll
0x00007ffec10b0000 - 0x00007ffec10cb000 	C:\Program Files\Android\Android Studio\jbr\bin\VCRUNTIME140.dll
0x00007ffed35b0000 - 0x00007ffed375b000 	C:\WINDOWS\System32\USER32.dll
0x00007ffed2550000 - 0x00007ffed2576000 	C:\WINDOWS\System32\win32u.dll
0x00007ffea5f40000 - 0x00007ffea61ce000 	C:\WINDOWS\WinSxS\amd64_microsoft.windows.common-controls_6595b64144ccf1df_6.0.22621.1635_none_270f70857386168e\COMCTL32.dll
0x00007ffed3d50000 - 0x00007ffed3d79000 	C:\WINDOWS\System32\GDI32.dll
0x00007ffed4b80000 - 0x00007ffed4c27000 	C:\WINDOWS\System32\msvcrt.dll
0x00007ffed2130000 - 0x00007ffed2249000 	C:\WINDOWS\System32\gdi32full.dll
0x00007ffed2580000 - 0x00007ffed261a000 	C:\WINDOWS\System32\msvcp_win.dll
0x00007ffed4230000 - 0x00007ffed4261000 	C:\WINDOWS\System32\IMM32.DLL
0x00007ffecc750000 - 0x00007ffecc75c000 	C:\Program Files\Android\Android Studio\jbr\bin\vcruntime140_1.dll
0x00007ffea7480000 - 0x00007ffea750d000 	C:\Program Files\Android\Android Studio\jbr\bin\msvcp140.dll
0x00007ffe8dc70000 - 0x00007ffe8e8dd000 	C:\Program Files\Android\Android Studio\jbr\bin\server\jvm.dll
0x00007ffed4ac0000 - 0x00007ffed4b6e000 	C:\WINDOWS\System32\ADVAPI32.dll
0x00007ffed2c30000 - 0x00007ffed2cd4000 	C:\WINDOWS\System32\sechost.dll
0x00007ffed2b10000 - 0x00007ffed2c27000 	C:\WINDOWS\System32\RPCRT4.dll
0x00007ffecb8b0000 - 0x00007ffecb8e4000 	C:\WINDOWS\SYSTEM32\WINMM.dll
0x00007ffecf5f0000 - 0x00007ffecf5f9000 	C:\WINDOWS\SYSTEM32\WSOCK32.dll
0x00007ffecf510000 - 0x00007ffecf51a000 	C:\WINDOWS\SYSTEM32\VERSION.dll
0x00007ffed3320000 - 0x00007ffed3391000 	C:\WINDOWS\System32\WS2_32.dll
0x00007ffed1270000 - 0x00007ffed1288000 	C:\WINDOWS\SYSTEM32\kernel.appcore.dll
0x00007ffecf600000 - 0x00007ffecf60a000 	C:\Program Files\Android\Android Studio\jbr\bin\jimage.dll
0x00007ffeca560000 - 0x00007ffeca78e000 	C:\WINDOWS\SYSTEM32\DBGHELP.DLL
0x00007ffed37f0000 - 0x00007ffed3b79000 	C:\WINDOWS\System32\combase.dll
0x00007ffed33a0000 - 0x00007ffed3477000 	C:\WINDOWS\System32\OLEAUT32.dll
0x00007ffebe7f0000 - 0x00007ffebe822000 	C:\WINDOWS\SYSTEM32\dbgcore.DLL
0x00007ffed2a90000 - 0x00007ffed2b0b000 	C:\WINDOWS\System32\bcryptPrimitives.dll
0x00007ffec2400000 - 0x00007ffec2425000 	C:\Program Files\Android\Android Studio\jbr\bin\java.dll
0x00007ffeceb60000 - 0x00007ffeceb78000 	C:\Program Files\Android\Android Studio\jbr\bin\zip.dll
0x00007ffed4270000 - 0x00007ffed4a6a000 	C:\WINDOWS\System32\SHELL32.dll
0x00007ffed0140000 - 0x00007ffed0a0e000 	C:\WINDOWS\SYSTEM32\windows.storage.dll
0x00007ffed0000000 - 0x00007ffed013e000 	C:\WINDOWS\SYSTEM32\wintypes.dll
0x00007ffed3f40000 - 0x00007ffed4031000 	C:\WINDOWS\System32\SHCORE.dll
0x00007ffed3760000 - 0x00007ffed37be000 	C:\WINDOWS\System32\shlwapi.dll
0x00007ffed2060000 - 0x00007ffed2081000 	C:\WINDOWS\SYSTEM32\profapi.dll
0x00007ffec28c0000 - 0x00007ffec28d9000 	C:\Program Files\Android\Android Studio\jbr\bin\net.dll
0x00007ffecb460000 - 0x00007ffecb597000 	C:\WINDOWS\SYSTEM32\WINHTTP.dll
0x00007ffed16e0000 - 0x00007ffed1749000 	C:\WINDOWS\system32\mswsock.dll
0x00007ffec23e0000 - 0x00007ffec23f6000 	C:\Program Files\Android\Android Studio\jbr\bin\nio.dll
0x00007ffecec30000 - 0x00007ffecec40000 	C:\Program Files\Android\Android Studio\jbr\bin\verify.dll

dbghelp: loaded successfully - version: 4.0.5 - missing functions: none
symbol engine: initialized successfully - sym options: 0x614 - pdb path: .;C:\Program Files\Android\Android Studio\jbr\bin;C:\WINDOWS\SYSTEM32;C:\WINDOWS\WinSxS\amd64_microsoft.windows.common-controls_6595b64144ccf1df_6.0.22621.1635_none_270f70857386168e;C:\Program Files\Android\Android Studio\jbr\bin\server

VM Arguments:
java_command: org.jetbrains.kotlin.cli.jvm.K2JVMCompiler @C:\Users\luutu\AndroidStudioProjects\FindWord\app\build\20230708_16367350646330388928.compiler.options
java_class_path (initial): C:\Users\luutu\.gradle\caches\modules-2\files-2.1\org.jetbrains.kotlin\kotlin-compiler-embeddable\1.8.20\78d9baa57f65babf9e0a93e51f62f26f5f35ac3e\kotlin-compiler-embeddable-1.8.20.jar;C:\Users\luutu\.gradle\caches\modules-2\files-2.1\org.jetbrains.kotlin\kotlin-stdlib\1.8.20\e72fc5e03ec6c064c678a6bd0d955c88d55b0c4a\kotlin-stdlib-1.8.20.jar;C:\Users\luutu\.gradle\caches\modules-2\files-2.1\org.jetbrains.kotlin\kotlin-script-runtime\1.8.20\c850771e723701f9d63dbcf641429c0f29290074\kotlin-script-runtime-1.8.20.jar;C:\Users\luutu\.gradle\caches\modules-2\files-2.1\org.jetbrains.kotlin\kotlin-reflect\1.6.10\1cbe9c92c12a94eea200d23c2bbaedaf3daf5132\kotlin-reflect-1.6.10.jar;C:\Users\luutu\.gradle\caches\modules-2\files-2.1\org.jetbrains.kotlin\kotlin-daemon-embeddable\1.8.20\c1b808fbe5fee60bd0504a54778120ef40f383d4\kotlin-daemon-embeddable-1.8.20.jar;C:\Users\luutu\.gradle\caches\modules-2\files-2.1\org.jetbrains.intellij.deps\trove4j\1.0.20200330\3afb14d5f9ceb459d724e907a21145e8ff394f02\trove4j-1.0.20200330.jar;C:\Users\luutu\.gradle\caches\modules-2\files-2.1\net.java.dev.jna\jna\5.6.0\330f2244e9030119ab3030fc3fededc86713d9cc\jna-5.6.0.jar;C:\Users\luutu\.gradle\caches\modules-2\files-2.1\org.jetbrains.kotlin\kotlin-stdlib-common\1.8.20\5eddaaf234c8c49d03eebeb6a14feb7f90faca71\kotlin-stdlib-common-1.8.20.jar;C:\Users\luutu\.gradle\caches\modules-2\files-2.1\org.jetbrains\annotations\13.0\919f0dfe192fb4e063e7dacadee7f8bb9a2672a9\annotations-13.0.jar
Launcher Type: SUN_STANDARD

[Global flags]
     intx CICompilerCount                          = 4                                         {product} {ergonomic}
     uint ConcGCThreads                            = 2                                         {product} {ergonomic}
     uint G1ConcRefinementThreads                  = 8                                         {product} {ergonomic}
   size_t G1HeapRegionSize                         = 2097152                                   {product} {ergonomic}
    uintx GCDrainStackTargetSize                   = 64                                        {product} {ergonomic}
   size_t InitialHeapSize                          = 266338304                                 {product} {ergonomic}
   size_t MarkStackSize                            = 4194304                                   {product} {ergonomic}
   size_t MaxHeapSize                              = 4255121408                                {product} {ergonomic}
   size_t MaxNewSize                               = 2552233984                                {product} {ergonomic}
   size_t MinHeapDeltaBytes                        = 2097152                                   {product} {ergonomic}
   size_t MinHeapSize                              = 8388608                                   {product} {ergonomic}
    uintx NonNMethodCodeHeapSize                   = 5839372                                {pd product} {ergonomic}
    uintx NonProfiledCodeHeapSize                  = 122909434                              {pd product} {ergonomic}
    uintx ProfiledCodeHeapSize                     = 122909434                              {pd product} {ergonomic}
    uintx ReservedCodeCacheSize                    = 251658240                              {pd product} {ergonomic}
     bool SegmentedCodeCache                       = true                                      {product} {ergonomic}
   size_t SoftMaxHeapSize                          = 4255121408                             {manageable} {ergonomic}
     bool UseCompressedClassPointers               = true                           {product lp64_product} {ergonomic}
     bool UseCompressedOops                        = true                           {product lp64_product} {ergonomic}
     bool UseG1GC                                  = true                                      {product} {ergonomic}
     bool UseLargePagesIndividualAllocation        = false                                  {pd product} {ergonomic}

Logging:
Log output configuration:
 #0: stdout all=warning uptime,level,tags
 #1: stderr all=off uptime,level,tags

Environment Variables:
PATH=C:\WINDOWS\system32;C:\WINDOWS;C:\WINDOWS\System32\Wbem;C:\WINDOWS\System32\WindowsPowerShell\v1.0\;C:\WINDOWS\System32\OpenSSH\;C:\Program Files\Git\cmd;C:\Program Files\Microsoft SQL Server\Client SDK\ODBC\170\Tools\Binn\;C:\Program Files (x86)\Microsoft SQL Server\150\Tools\Binn\;C:\Program Files\Microsoft SQL Server\150\Tools\Binn\;C:\Program Files\Microsoft SQL Server\150\DTS\Binn\;C:\Program Files (x86)\Microsoft SQL Server\160\DTS\Binn\;C:\Program Files\Azure Data Studio\bin;C:\Program Files\Cloudflare\Cloudflare WARP\;C:\Users\luutu\AppData\Local\Microsoft\WindowsApps;;C:\Program Files\Azure Data Studio\bin
USERNAME=luutu
OS=Windows_NT
PROCESSOR_IDENTIFIER=Intel64 Family 6 Model 142 Stepping 12, GenuineIntel
TMP=C:\Users\luutu\AppData\Local\Temp
TEMP=C:\Users\luutu\AppData\Local\Temp



---------------  S Y S T E M  ---------------

OS:
 Windows 11 , 64 bit Build 22621 (10.0.22621.1778)
OS uptime: 5 days 8:06 hours

CPU: total 8 (initial active 8) (4 cores per cpu, 2 threads per core) family 6 model 142 stepping 12 microcode 0xf4, cx8, cmov, fxsr, ht, mmx, 3dnowpref, sse, sse2, sse3, ssse3, sse4.1, sse4.2, popcnt, lzcnt, tsc, tscinvbit, avx, avx2, aes, erms, clmul, bmi1, bmi2, adx, fma, vzeroupper, clflush, clflushopt

Memory: 4k page, system-wide physical 16231M (1517M free)
TotalPageFile size 28731M (AvailPageFile size 103M)
current process WorkingSet (physical memory assigned to process): 350M, peak: 357M
current process commit charge ("private bytes"): 386M, peak: 510M

vm_info: OpenJDK 64-Bit Server VM (17.0.6+0-b2043.56-9586694) for windows-amd64 JRE (17.0.6+0-b2043.56-9586694), built on Feb  9 2023 20:06:20 by "androidbuild" with MS VC++ 16.10 / 16.11 (VS2019)

END.
